ERROR - 2023-11-27 01:37:00 --> Error connecting to the database: mysqli_sql_exception: Access denied for user 'root'@'localhost' (using password: YES) in C:\xampp\htdocs\unhi_pemrograman_web_2\pertemuan_10\system\Database\MySQLi\Connection.php:185
Stack trace:
#0 C:\xampp\htdocs\unhi_pemrograman_web_2\pertemuan_10\system\Database\MySQLi\Connection.php(185): mysqli->real_connect('localhost', 'root', 'root', 'ci4', 3306, '', 0)
#1 C:\xampp\htdocs\unhi_pemrograman_web_2\pertemuan_10\system\Database\BaseConnection.php(391): CodeIgniter\Database\MySQLi\Connection->connect(false)
#2 C:\xampp\htdocs\unhi_pemrograman_web_2\pertemuan_10\system\Database\BaseConnection.php(574): CodeIgniter\Database\BaseConnection->initialize()
#3 C:\xampp\htdocs\unhi_pemrograman_web_2\pertemuan_10\system\Database\BaseBuilder.php(1615): CodeIgniter\Database\BaseConnection->query('SELECT *\nFROM `...', Array, false)
#4 C:\xampp\htdocs\unhi_pemrograman_web_2\pertemuan_10\system\Model.php(237): CodeIgniter\Database\BaseBuilder->get()
#5 C:\xampp\htdocs\unhi_pemrograman_web_2\pertemuan_10\system\BaseModel.php(624): CodeIgniter\Model->doFindAll(0, 0)
#6 C:\xampp\htdocs\unhi_pemrograman_web_2\pertemuan_10\app\Controllers\Admin\Produk.php(23): CodeIgniter\BaseModel->findAll()
#7 C:\xampp\htdocs\unhi_pemrograman_web_2\pertemuan_10\system\CodeIgniter.php(919): App\Controllers\Admin\Produk->index()
#8 C:\xampp\htdocs\unhi_pemrograman_web_2\pertemuan_10\system\CodeIgniter.php(494): CodeIgniter\CodeIgniter->runController(Object(App\Controllers\Admin\Produk))
#9 C:\xampp\htdocs\unhi_pemrograman_web_2\pertemuan_10\system\CodeIgniter.php(353): CodeIgniter\CodeIgniter->handleRequest(NULL, Object(Config\Cache), false)
#10 C:\xampp\htdocs\unhi_pemrograman_web_2\pertemuan_10\public\index.php(79): CodeIgniter\CodeIgniter->run()
#11 {main}

Next CodeIgniter\Database\Exceptions\DatabaseException: Access denied for user '****'@'localhost' (using password: YES) in C:\xampp\htdocs\unhi_pemrograman_web_2\pertemuan_10\system\Database\MySQLi\Connection.php:229
Stack trace:
#0 C:\xampp\htdocs\unhi_pemrograman_web_2\pertemuan_10\system\Database\BaseConnection.php(391): CodeIgniter\Database\MySQLi\Connection->connect(false)
#1 C:\xampp\htdocs\unhi_pemrograman_web_2\pertemuan_10\system\Database\BaseConnection.php(574): CodeIgniter\Database\BaseConnection->initialize()
#2 C:\xampp\htdocs\unhi_pemrograman_web_2\pertemuan_10\system\Database\BaseBuilder.php(1615): CodeIgniter\Database\BaseConnection->query('SELECT *\nFROM `...', Array, false)
#3 C:\xampp\htdocs\unhi_pemrograman_web_2\pertemuan_10\system\Model.php(237): CodeIgniter\Database\BaseBuilder->get()
#4 C:\xampp\htdocs\unhi_pemrograman_web_2\pertemuan_10\system\BaseModel.php(624): CodeIgniter\Model->doFindAll(0, 0)
#5 C:\xampp\htdocs\unhi_pemrograman_web_2\pertemuan_10\app\Controllers\Admin\Produk.php(23): CodeIgniter\BaseModel->findAll()
#6 C:\xampp\htdocs\unhi_pemrograman_web_2\pertemuan_10\system\CodeIgniter.php(919): App\Controllers\Admin\Produk->index()
#7 C:\xampp\htdocs\unhi_pemrograman_web_2\pertemuan_10\system\CodeIgniter.php(494): CodeIgniter\CodeIgniter->runController(Object(App\Controllers\Admin\Produk))
#8 C:\xampp\htdocs\unhi_pemrograman_web_2\pertemuan_10\system\CodeIgniter.php(353): CodeIgniter\CodeIgniter->handleRequest(NULL, Object(Config\Cache), false)
#9 C:\xampp\htdocs\unhi_pemrograman_web_2\pertemuan_10\public\index.php(79): CodeIgniter\CodeIgniter->run()
#10 {main}
CRITICAL - 2023-11-27 01:37:00 --> Unable to connect to the database.
Main connection [MySQLi]: Access denied for user '****'@'localhost' (using password: YES)
in SYSTEMPATH\Database\BaseConnection.php on line 427.
 1 SYSTEMPATH\Database\BaseConnection.php(574): CodeIgniter\Database\BaseConnection->initialize()
 2 SYSTEMPATH\Database\BaseBuilder.php(1615): CodeIgniter\Database\BaseConnection->query('SELECT *
FROM `product`', [], false)
 3 SYSTEMPATH\Model.php(237): CodeIgniter\Database\BaseBuilder->get()
 4 SYSTEMPATH\BaseModel.php(624): CodeIgniter\Model->doFindAll(0, 0)
 5 APPPATH\Controllers\Admin\Produk.php(23): CodeIgniter\BaseModel->findAll()
 6 SYSTEMPATH\CodeIgniter.php(919): App\Controllers\Admin\Produk->index()
 7 SYSTEMPATH\CodeIgniter.php(494): CodeIgniter\CodeIgniter->runController(Object(App\Controllers\Admin\Produk))
 8 SYSTEMPATH\CodeIgniter.php(353): CodeIgniter\CodeIgniter->handleRequest(null, Object(Config\Cache), false)
 9 FCPATH\index.php(79): CodeIgniter\CodeIgniter->run()
ERROR - 2023-11-27 01:38:02 --> Error connecting to the database: mysqli_sql_exception: Access denied for user 'root'@'localhost' (using password: YES) in C:\xampp\htdocs\unhi_pemrograman_web_2\pertemuan_10\system\Database\MySQLi\Connection.php:185
Stack trace:
#0 C:\xampp\htdocs\unhi_pemrograman_web_2\pertemuan_10\system\Database\MySQLi\Connection.php(185): mysqli->real_connect('localhost', 'root', 'root', 'ci4', 3306, '', 0)
#1 C:\xampp\htdocs\unhi_pemrograman_web_2\pertemuan_10\system\Database\BaseConnection.php(391): CodeIgniter\Database\MySQLi\Connection->connect(false)
#2 C:\xampp\htdocs\unhi_pemrograman_web_2\pertemuan_10\system\Database\BaseConnection.php(574): CodeIgniter\Database\BaseConnection->initialize()
#3 C:\xampp\htdocs\unhi_pemrograman_web_2\pertemuan_10\system\Database\BaseBuilder.php(1615): CodeIgniter\Database\BaseConnection->query('SELECT *\nFROM `...', Array, false)
#4 C:\xampp\htdocs\unhi_pemrograman_web_2\pertemuan_10\system\Model.php(237): CodeIgniter\Database\BaseBuilder->get()
#5 C:\xampp\htdocs\unhi_pemrograman_web_2\pertemuan_10\system\BaseModel.php(624): CodeIgniter\Model->doFindAll(0, 0)
#6 C:\xampp\htdocs\unhi_pemrograman_web_2\pertemuan_10\app\Controllers\Admin\Produk.php(23): CodeIgniter\BaseModel->findAll()
#7 C:\xampp\htdocs\unhi_pemrograman_web_2\pertemuan_10\system\CodeIgniter.php(919): App\Controllers\Admin\Produk->index()
#8 C:\xampp\htdocs\unhi_pemrograman_web_2\pertemuan_10\system\CodeIgniter.php(494): CodeIgniter\CodeIgniter->runController(Object(App\Controllers\Admin\Produk))
#9 C:\xampp\htdocs\unhi_pemrograman_web_2\pertemuan_10\system\CodeIgniter.php(353): CodeIgniter\CodeIgniter->handleRequest(NULL, Object(Config\Cache), false)
#10 C:\xampp\htdocs\unhi_pemrograman_web_2\pertemuan_10\public\index.php(79): CodeIgniter\CodeIgniter->run()
#11 {main}

Next CodeIgniter\Database\Exceptions\DatabaseException: Access denied for user '****'@'localhost' (using password: YES) in C:\xampp\htdocs\unhi_pemrograman_web_2\pertemuan_10\system\Database\MySQLi\Connection.php:229
Stack trace:
#0 C:\xampp\htdocs\unhi_pemrograman_web_2\pertemuan_10\system\Database\BaseConnection.php(391): CodeIgniter\Database\MySQLi\Connection->connect(false)
#1 C:\xampp\htdocs\unhi_pemrograman_web_2\pertemuan_10\system\Database\BaseConnection.php(574): CodeIgniter\Database\BaseConnection->initialize()
#2 C:\xampp\htdocs\unhi_pemrograman_web_2\pertemuan_10\system\Database\BaseBuilder.php(1615): CodeIgniter\Database\BaseConnection->query('SELECT *\nFROM `...', Array, false)
#3 C:\xampp\htdocs\unhi_pemrograman_web_2\pertemuan_10\system\Model.php(237): CodeIgniter\Database\BaseBuilder->get()
#4 C:\xampp\htdocs\unhi_pemrograman_web_2\pertemuan_10\system\BaseModel.php(624): CodeIgniter\Model->doFindAll(0, 0)
#5 C:\xampp\htdocs\unhi_pemrograman_web_2\pertemuan_10\app\Controllers\Admin\Produk.php(23): CodeIgniter\BaseModel->findAll()
#6 C:\xampp\htdocs\unhi_pemrograman_web_2\pertemuan_10\system\CodeIgniter.php(919): App\Controllers\Admin\Produk->index()
#7 C:\xampp\htdocs\unhi_pemrograman_web_2\pertemuan_10\system\CodeIgniter.php(494): CodeIgniter\CodeIgniter->runController(Object(App\Controllers\Admin\Produk))
#8 C:\xampp\htdocs\unhi_pemrograman_web_2\pertemuan_10\system\CodeIgniter.php(353): CodeIgniter\CodeIgniter->handleRequest(NULL, Object(Config\Cache), false)
#9 C:\xampp\htdocs\unhi_pemrograman_web_2\pertemuan_10\public\index.php(79): CodeIgniter\CodeIgniter->run()
#10 {main}
CRITICAL - 2023-11-27 01:38:02 --> Unable to connect to the database.
Main connection [MySQLi]: Access denied for user '****'@'localhost' (using password: YES)
in SYSTEMPATH\Database\BaseConnection.php on line 427.
 1 SYSTEMPATH\Database\BaseConnection.php(574): CodeIgniter\Database\BaseConnection->initialize()
 2 SYSTEMPATH\Database\BaseBuilder.php(1615): CodeIgniter\Database\BaseConnection->query('SELECT *
FROM `product`', [], false)
 3 SYSTEMPATH\Model.php(237): CodeIgniter\Database\BaseBuilder->get()
 4 SYSTEMPATH\BaseModel.php(624): CodeIgniter\Model->doFindAll(0, 0)
 5 APPPATH\Controllers\Admin\Produk.php(23): CodeIgniter\BaseModel->findAll()
 6 SYSTEMPATH\CodeIgniter.php(919): App\Controllers\Admin\Produk->index()
 7 SYSTEMPATH\CodeIgniter.php(494): CodeIgniter\CodeIgniter->runController(Object(App\Controllers\Admin\Produk))
 8 SYSTEMPATH\CodeIgniter.php(353): CodeIgniter\CodeIgniter->handleRequest(null, Object(Config\Cache), false)
 9 FCPATH\index.php(79): CodeIgniter\CodeIgniter->run()
ERROR - 2023-11-27 01:39:16 --> Error connecting to the database: mysqli_sql_exception: Access denied for user 'root'@'localhost' (using password: YES) in C:\xampp\htdocs\unhi_pemrograman_web_2\pertemuan_10\system\Database\MySQLi\Connection.php:185
Stack trace:
#0 C:\xampp\htdocs\unhi_pemrograman_web_2\pertemuan_10\system\Database\MySQLi\Connection.php(185): mysqli->real_connect('localhost', 'root', 'root', 'unhi_pemrograma...', 3306, '', 0)
#1 C:\xampp\htdocs\unhi_pemrograman_web_2\pertemuan_10\system\Database\BaseConnection.php(391): CodeIgniter\Database\MySQLi\Connection->connect(false)
#2 C:\xampp\htdocs\unhi_pemrograman_web_2\pertemuan_10\system\Database\BaseConnection.php(574): CodeIgniter\Database\BaseConnection->initialize()
#3 C:\xampp\htdocs\unhi_pemrograman_web_2\pertemuan_10\system\Database\BaseBuilder.php(1615): CodeIgniter\Database\BaseConnection->query('SELECT *\nFROM `...', Array, false)
#4 C:\xampp\htdocs\unhi_pemrograman_web_2\pertemuan_10\system\Model.php(237): CodeIgniter\Database\BaseBuilder->get()
#5 C:\xampp\htdocs\unhi_pemrograman_web_2\pertemuan_10\system\BaseModel.php(624): CodeIgniter\Model->doFindAll(0, 0)
#6 C:\xampp\htdocs\unhi_pemrograman_web_2\pertemuan_10\app\Controllers\Admin\Produk.php(23): CodeIgniter\BaseModel->findAll()
#7 C:\xampp\htdocs\unhi_pemrograman_web_2\pertemuan_10\system\CodeIgniter.php(919): App\Controllers\Admin\Produk->index()
#8 C:\xampp\htdocs\unhi_pemrograman_web_2\pertemuan_10\system\CodeIgniter.php(494): CodeIgniter\CodeIgniter->runController(Object(App\Controllers\Admin\Produk))
#9 C:\xampp\htdocs\unhi_pemrograman_web_2\pertemuan_10\system\CodeIgniter.php(353): CodeIgniter\CodeIgniter->handleRequest(NULL, Object(Config\Cache), false)
#10 C:\xampp\htdocs\unhi_pemrograman_web_2\pertemuan_10\public\index.php(79): CodeIgniter\CodeIgniter->run()
#11 {main}

Next CodeIgniter\Database\Exceptions\DatabaseException: Access denied for user '****'@'localhost' (using password: YES) in C:\xampp\htdocs\unhi_pemrograman_web_2\pertemuan_10\system\Database\MySQLi\Connection.php:229
Stack trace:
#0 C:\xampp\htdocs\unhi_pemrograman_web_2\pertemuan_10\system\Database\BaseConnection.php(391): CodeIgniter\Database\MySQLi\Connection->connect(false)
#1 C:\xampp\htdocs\unhi_pemrograman_web_2\pertemuan_10\system\Database\BaseConnection.php(574): CodeIgniter\Database\BaseConnection->initialize()
#2 C:\xampp\htdocs\unhi_pemrograman_web_2\pertemuan_10\system\Database\BaseBuilder.php(1615): CodeIgniter\Database\BaseConnection->query('SELECT *\nFROM `...', Array, false)
#3 C:\xampp\htdocs\unhi_pemrograman_web_2\pertemuan_10\system\Model.php(237): CodeIgniter\Database\BaseBuilder->get()
#4 C:\xampp\htdocs\unhi_pemrograman_web_2\pertemuan_10\system\BaseModel.php(624): CodeIgniter\Model->doFindAll(0, 0)
#5 C:\xampp\htdocs\unhi_pemrograman_web_2\pertemuan_10\app\Controllers\Admin\Produk.php(23): CodeIgniter\BaseModel->findAll()
#6 C:\xampp\htdocs\unhi_pemrograman_web_2\pertemuan_10\system\CodeIgniter.php(919): App\Controllers\Admin\Produk->index()
#7 C:\xampp\htdocs\unhi_pemrograman_web_2\pertemuan_10\system\CodeIgniter.php(494): CodeIgniter\CodeIgniter->runController(Object(App\Controllers\Admin\Produk))
#8 C:\xampp\htdocs\unhi_pemrograman_web_2\pertemuan_10\system\CodeIgniter.php(353): CodeIgniter\CodeIgniter->handleRequest(NULL, Object(Config\Cache), false)
#9 C:\xampp\htdocs\unhi_pemrograman_web_2\pertemuan_10\public\index.php(79): CodeIgniter\CodeIgniter->run()
#10 {main}
CRITICAL - 2023-11-27 01:39:16 --> Unable to connect to the database.
Main connection [MySQLi]: Access denied for user '****'@'localhost' (using password: YES)
in SYSTEMPATH\Database\BaseConnection.php on line 427.
 1 SYSTEMPATH\Database\BaseConnection.php(574): CodeIgniter\Database\BaseConnection->initialize()
 2 SYSTEMPATH\Database\BaseBuilder.php(1615): CodeIgniter\Database\BaseConnection->query('SELECT *
FROM `product`', [], false)
 3 SYSTEMPATH\Model.php(237): CodeIgniter\Database\BaseBuilder->get()
 4 SYSTEMPATH\BaseModel.php(624): CodeIgniter\Model->doFindAll(0, 0)
 5 APPPATH\Controllers\Admin\Produk.php(23): CodeIgniter\BaseModel->findAll()
 6 SYSTEMPATH\CodeIgniter.php(919): App\Controllers\Admin\Produk->index()
 7 SYSTEMPATH\CodeIgniter.php(494): CodeIgniter\CodeIgniter->runController(Object(App\Controllers\Admin\Produk))
 8 SYSTEMPATH\CodeIgniter.php(353): CodeIgniter\CodeIgniter->handleRequest(null, Object(Config\Cache), false)
 9 FCPATH\index.php(79): CodeIgniter\CodeIgniter->run()
ERROR - 2023-11-27 01:39:34 --> Error connecting to the database: mysqli_sql_exception: Access denied for user 'unhi_pemrograman_web_2'@'localhost' (using password: YES) in C:\xampp\htdocs\unhi_pemrograman_web_2\pertemuan_10\system\Database\MySQLi\Connection.php:185
Stack trace:
#0 C:\xampp\htdocs\unhi_pemrograman_web_2\pertemuan_10\system\Database\MySQLi\Connection.php(185): mysqli->real_connect('localhost', 'unhi_pemrograma...', 'root', 'ci4', 3306, '', 0)
#1 C:\xampp\htdocs\unhi_pemrograman_web_2\pertemuan_10\system\Database\BaseConnection.php(391): CodeIgniter\Database\MySQLi\Connection->connect(false)
#2 C:\xampp\htdocs\unhi_pemrograman_web_2\pertemuan_10\system\Database\BaseConnection.php(574): CodeIgniter\Database\BaseConnection->initialize()
#3 C:\xampp\htdocs\unhi_pemrograman_web_2\pertemuan_10\system\Database\BaseBuilder.php(1615): CodeIgniter\Database\BaseConnection->query('SELECT *\nFROM `...', Array, false)
#4 C:\xampp\htdocs\unhi_pemrograman_web_2\pertemuan_10\system\Model.php(237): CodeIgniter\Database\BaseBuilder->get()
#5 C:\xampp\htdocs\unhi_pemrograman_web_2\pertemuan_10\system\BaseModel.php(624): CodeIgniter\Model->doFindAll(0, 0)
#6 C:\xampp\htdocs\unhi_pemrograman_web_2\pertemuan_10\app\Controllers\Admin\Produk.php(23): CodeIgniter\BaseModel->findAll()
#7 C:\xampp\htdocs\unhi_pemrograman_web_2\pertemuan_10\system\CodeIgniter.php(919): App\Controllers\Admin\Produk->index()
#8 C:\xampp\htdocs\unhi_pemrograman_web_2\pertemuan_10\system\CodeIgniter.php(494): CodeIgniter\CodeIgniter->runController(Object(App\Controllers\Admin\Produk))
#9 C:\xampp\htdocs\unhi_pemrograman_web_2\pertemuan_10\system\CodeIgniter.php(353): CodeIgniter\CodeIgniter->handleRequest(NULL, Object(Config\Cache), false)
#10 C:\xampp\htdocs\unhi_pemrograman_web_2\pertemuan_10\public\index.php(79): CodeIgniter\CodeIgniter->run()
#11 {main}

Next CodeIgniter\Database\Exceptions\DatabaseException: Access denied for user '****'@'localhost' (using password: YES) in C:\xampp\htdocs\unhi_pemrograman_web_2\pertemuan_10\system\Database\MySQLi\Connection.php:229
Stack trace:
#0 C:\xampp\htdocs\unhi_pemrograman_web_2\pertemuan_10\system\Database\BaseConnection.php(391): CodeIgniter\Database\MySQLi\Connection->connect(false)
#1 C:\xampp\htdocs\unhi_pemrograman_web_2\pertemuan_10\system\Database\BaseConnection.php(574): CodeIgniter\Database\BaseConnection->initialize()
#2 C:\xampp\htdocs\unhi_pemrograman_web_2\pertemuan_10\system\Database\BaseBuilder.php(1615): CodeIgniter\Database\BaseConnection->query('SELECT *\nFROM `...', Array, false)
#3 C:\xampp\htdocs\unhi_pemrograman_web_2\pertemuan_10\system\Model.php(237): CodeIgniter\Database\BaseBuilder->get()
#4 C:\xampp\htdocs\unhi_pemrograman_web_2\pertemuan_10\system\BaseModel.php(624): CodeIgniter\Model->doFindAll(0, 0)
#5 C:\xampp\htdocs\unhi_pemrograman_web_2\pertemuan_10\app\Controllers\Admin\Produk.php(23): CodeIgniter\BaseModel->findAll()
#6 C:\xampp\htdocs\unhi_pemrograman_web_2\pertemuan_10\system\CodeIgniter.php(919): App\Controllers\Admin\Produk->index()
#7 C:\xampp\htdocs\unhi_pemrograman_web_2\pertemuan_10\system\CodeIgniter.php(494): CodeIgniter\CodeIgniter->runController(Object(App\Controllers\Admin\Produk))
#8 C:\xampp\htdocs\unhi_pemrograman_web_2\pertemuan_10\system\CodeIgniter.php(353): CodeIgniter\CodeIgniter->handleRequest(NULL, Object(Config\Cache), false)
#9 C:\xampp\htdocs\unhi_pemrograman_web_2\pertemuan_10\public\index.php(79): CodeIgniter\CodeIgniter->run()
#10 {main}
CRITICAL - 2023-11-27 01:39:34 --> Unable to connect to the database.
Main connection [MySQLi]: Access denied for user '****'@'localhost' (using password: YES)
in SYSTEMPATH\Database\BaseConnection.php on line 427.
 1 SYSTEMPATH\Database\BaseConnection.php(574): CodeIgniter\Database\BaseConnection->initialize()
 2 SYSTEMPATH\Database\BaseBuilder.php(1615): CodeIgniter\Database\BaseConnection->query('SELECT *
FROM `product`', [], false)
 3 SYSTEMPATH\Model.php(237): CodeIgniter\Database\BaseBuilder->get()
 4 SYSTEMPATH\BaseModel.php(624): CodeIgniter\Model->doFindAll(0, 0)
 5 APPPATH\Controllers\Admin\Produk.php(23): CodeIgniter\BaseModel->findAll()
 6 SYSTEMPATH\CodeIgniter.php(919): App\Controllers\Admin\Produk->index()
 7 SYSTEMPATH\CodeIgniter.php(494): CodeIgniter\CodeIgniter->runController(Object(App\Controllers\Admin\Produk))
 8 SYSTEMPATH\CodeIgniter.php(353): CodeIgniter\CodeIgniter->handleRequest(null, Object(Config\Cache), false)
 9 FCPATH\index.php(79): CodeIgniter\CodeIgniter->run()
CRITICAL - 2023-11-27 01:52:11 --> Undefined variable: data
in APPPATH\Controllers\Admin\Produk.php on line 51.
 1 APPPATH\Controllers\Admin\Produk.php(51): CodeIgniter\Debug\Exceptions->errorHandler(8, 'Undefined variable: data', 'C:\\xampp\\htdocs\\unhi_pemrograman_web_2\\pertemuan_10\\app\\Controllers\\Admin\\Produk.php', 51, [...])
 2 SYSTEMPATH\CodeIgniter.php(919): App\Controllers\Admin\Produk->insert()
 3 SYSTEMPATH\CodeIgniter.php(494): CodeIgniter\CodeIgniter->runController(Object(App\Controllers\Admin\Produk))
 4 SYSTEMPATH\CodeIgniter.php(353): CodeIgniter\CodeIgniter->handleRequest(null, Object(Config\Cache), false)
 5 FCPATH\index.php(79): CodeIgniter\CodeIgniter->run()
CRITICAL - 2023-11-27 02:31:14 --> Undefined variable: product_list
in APPPATH\Views\user\beranda.php on line 22.
 1 APPPATH\Views\user\beranda.php(22): CodeIgniter\Debug\Exceptions->errorHandler(8, 'Undefined variable: product_list', 'C:\\xampp\\htdocs\\unhi_pemrograman_web_2\\pertemuan_10\\app\\Views\\user\\beranda.php', 22, [])
 2 SYSTEMPATH\View\View.php(226): include('C:\\xampp\\htdocs\\unhi_pemrograman_web_2\\pertemuan_10\\app\\Views\\user\\beranda.php')
 3 SYSTEMPATH\View\View.php(229): CodeIgniter\View\View->CodeIgniter\View\{closure}()
 4 SYSTEMPATH\Common.php(1188): CodeIgniter\View\View->render('user/beranda', [], true)
 5 APPPATH\Libraries\Template.php(13): view('user/beranda')
 6 APPPATH\Controllers\User\Beranda.php(20): App\Libraries\Template::tampil_user('user/beranda', [...])
 7 SYSTEMPATH\CodeIgniter.php(919): App\Controllers\User\Beranda->index()
 8 SYSTEMPATH\CodeIgniter.php(494): CodeIgniter\CodeIgniter->runController(Object(App\Controllers\User\Beranda))
 9 SYSTEMPATH\CodeIgniter.php(353): CodeIgniter\CodeIgniter->handleRequest(null, Object(Config\Cache), false)
10 FCPATH\index.php(79): CodeIgniter\CodeIgniter->run()
CRITICAL - 2023-11-27 02:32:13 --> Undefined variable: product_list
in APPPATH\Views\user\beranda.php on line 24.
 1 APPPATH\Views\user\beranda.php(24): CodeIgniter\Debug\Exceptions->errorHandler(8, 'Undefined variable: product_list', 'C:\\xampp\\htdocs\\unhi_pemrograman_web_2\\pertemuan_10\\app\\Views\\user\\beranda.php', 24, [])
 2 SYSTEMPATH\View\View.php(226): include('C:\\xampp\\htdocs\\unhi_pemrograman_web_2\\pertemuan_10\\app\\Views\\user\\beranda.php')
 3 SYSTEMPATH\View\View.php(229): CodeIgniter\View\View->CodeIgniter\View\{closure}()
 4 SYSTEMPATH\Common.php(1188): CodeIgniter\View\View->render('user/beranda', [], true)
 5 APPPATH\Libraries\Template.php(13): view('user/beranda')
 6 APPPATH\Controllers\User\Beranda.php(20): App\Libraries\Template::tampil_user('user/beranda', [...])
 7 SYSTEMPATH\CodeIgniter.php(919): App\Controllers\User\Beranda->index()
 8 SYSTEMPATH\CodeIgniter.php(494): CodeIgniter\CodeIgniter->runController(Object(App\Controllers\User\Beranda))
 9 SYSTEMPATH\CodeIgniter.php(353): CodeIgniter\CodeIgniter->handleRequest(null, Object(Config\Cache), false)
10 FCPATH\index.php(79): CodeIgniter\CodeIgniter->run()
