ERROR - 2023-11-24 10:10:07 --> Error connecting to the database: mysqli_sql_exception: No connection could be made because the target machine actively refused it.
 in C:\xampp\htdocs\unhi_pemrograman_web_2\pertemuan_10\system\Database\MySQLi\Connection.php:185
Stack trace:
#0 C:\xampp\htdocs\unhi_pemrograman_web_2\pertemuan_10\system\Database\MySQLi\Connection.php(185): mysqli->real_connect('localhost', 'root', '', 'unhi_pemrograma...', 3306, '', 0)
#1 C:\xampp\htdocs\unhi_pemrograman_web_2\pertemuan_10\system\Database\BaseConnection.php(391): CodeIgniter\Database\MySQLi\Connection->connect(false)
#2 C:\xampp\htdocs\unhi_pemrograman_web_2\pertemuan_10\system\Database\BaseConnection.php(574): CodeIgniter\Database\BaseConnection->initialize()
#3 C:\xampp\htdocs\unhi_pemrograman_web_2\pertemuan_10\system\Database\BaseBuilder.php(1615): CodeIgniter\Database\BaseConnection->query('SELECT *\nFROM `...', Array, false)
#4 C:\xampp\htdocs\unhi_pemrograman_web_2\pertemuan_10\system\Model.php(237): CodeIgniter\Database\BaseBuilder->get()
#5 C:\xampp\htdocs\unhi_pemrograman_web_2\pertemuan_10\system\BaseModel.php(624): CodeIgniter\Model->doFindAll(0, 0)
#6 C:\xampp\htdocs\unhi_pemrograman_web_2\pertemuan_10\app\Controllers\User\Beranda.php(14): CodeIgniter\BaseModel->findAll()
#7 C:\xampp\htdocs\unhi_pemrograman_web_2\pertemuan_10\system\CodeIgniter.php(919): App\Controllers\User\Beranda->index()
#8 C:\xampp\htdocs\unhi_pemrograman_web_2\pertemuan_10\system\CodeIgniter.php(494): CodeIgniter\CodeIgniter->runController(Object(App\Controllers\User\Beranda))
#9 C:\xampp\htdocs\unhi_pemrograman_web_2\pertemuan_10\system\CodeIgniter.php(353): CodeIgniter\CodeIgniter->handleRequest(NULL, Object(Config\Cache), false)
#10 C:\xampp\htdocs\unhi_pemrograman_web_2\pertemuan_10\public\index.php(79): CodeIgniter\CodeIgniter->run()
#11 {main}

Next CodeIgniter\Database\Exceptions\DatabaseException: No connection could be made because the target machine actively refused it.
 in C:\xampp\htdocs\unhi_pemrograman_web_2\pertemuan_10\system\Database\MySQLi\Connection.php:229
Stack trace:
#0 C:\xampp\htdocs\unhi_pemrograman_web_2\pertemuan_10\system\Database\BaseConnection.php(391): CodeIgniter\Database\MySQLi\Connection->connect(false)
#1 C:\xampp\htdocs\unhi_pemrograman_web_2\pertemuan_10\system\Database\BaseConnection.php(574): CodeIgniter\Database\BaseConnection->initialize()
#2 C:\xampp\htdocs\unhi_pemrograman_web_2\pertemuan_10\system\Database\BaseBuilder.php(1615): CodeIgniter\Database\BaseConnection->query('SELECT *\nFROM `...', Array, false)
#3 C:\xampp\htdocs\unhi_pemrograman_web_2\pertemuan_10\system\Model.php(237): CodeIgniter\Database\BaseBuilder->get()
#4 C:\xampp\htdocs\unhi_pemrograman_web_2\pertemuan_10\system\BaseModel.php(624): CodeIgniter\Model->doFindAll(0, 0)
#5 C:\xampp\htdocs\unhi_pemrograman_web_2\pertemuan_10\app\Controllers\User\Beranda.php(14): CodeIgniter\BaseModel->findAll()
#6 C:\xampp\htdocs\unhi_pemrograman_web_2\pertemuan_10\system\CodeIgniter.php(919): App\Controllers\User\Beranda->index()
#7 C:\xampp\htdocs\unhi_pemrograman_web_2\pertemuan_10\system\CodeIgniter.php(494): CodeIgniter\CodeIgniter->runController(Object(App\Controllers\User\Beranda))
#8 C:\xampp\htdocs\unhi_pemrograman_web_2\pertemuan_10\system\CodeIgniter.php(353): CodeIgniter\CodeIgniter->handleRequest(NULL, Object(Config\Cache), false)
#9 C:\xampp\htdocs\unhi_pemrograman_web_2\pertemuan_10\public\index.php(79): CodeIgniter\CodeIgniter->run()
#10 {main}
CRITICAL - 2023-11-24 10:10:07 --> Unable to connect to the database.
Main connection [MySQLi]: No connection could be made because the target machine actively refused it.

in SYSTEMPATH\Database\BaseConnection.php on line 427.
 1 SYSTEMPATH\Database\BaseConnection.php(574): CodeIgniter\Database\BaseConnection->initialize()
 2 SYSTEMPATH\Database\BaseBuilder.php(1615): CodeIgniter\Database\BaseConnection->query('SELECT *
FROM `product`', [], false)
 3 SYSTEMPATH\Model.php(237): CodeIgniter\Database\BaseBuilder->get()
 4 SYSTEMPATH\BaseModel.php(624): CodeIgniter\Model->doFindAll(0, 0)
 5 APPPATH\Controllers\User\Beranda.php(14): CodeIgniter\BaseModel->findAll()
 6 SYSTEMPATH\CodeIgniter.php(919): App\Controllers\User\Beranda->index()
 7 SYSTEMPATH\CodeIgniter.php(494): CodeIgniter\CodeIgniter->runController(Object(App\Controllers\User\Beranda))
 8 SYSTEMPATH\CodeIgniter.php(353): CodeIgniter\CodeIgniter->handleRequest(null, Object(Config\Cache), false)
 9 FCPATH\index.php(79): CodeIgniter\CodeIgniter->run()
ERROR - 2023-11-24 10:10:10 --> Error connecting to the database: mysqli_sql_exception: No connection could be made because the target machine actively refused it.
 in C:\xampp\htdocs\unhi_pemrograman_web_2\pertemuan_10\system\Database\MySQLi\Connection.php:185
Stack trace:
#0 C:\xampp\htdocs\unhi_pemrograman_web_2\pertemuan_10\system\Database\MySQLi\Connection.php(185): mysqli->real_connect('localhost', 'root', '', 'unhi_pemrograma...', 3306, '', 0)
#1 C:\xampp\htdocs\unhi_pemrograman_web_2\pertemuan_10\system\Database\BaseConnection.php(391): CodeIgniter\Database\MySQLi\Connection->connect(false)
#2 C:\xampp\htdocs\unhi_pemrograman_web_2\pertemuan_10\system\Database\BaseConnection.php(574): CodeIgniter\Database\BaseConnection->initialize()
#3 C:\xampp\htdocs\unhi_pemrograman_web_2\pertemuan_10\system\Database\BaseBuilder.php(1615): CodeIgniter\Database\BaseConnection->query('SELECT *\nFROM `...', Array, false)
#4 C:\xampp\htdocs\unhi_pemrograman_web_2\pertemuan_10\system\Model.php(237): CodeIgniter\Database\BaseBuilder->get()
#5 C:\xampp\htdocs\unhi_pemrograman_web_2\pertemuan_10\system\BaseModel.php(624): CodeIgniter\Model->doFindAll(0, 0)
#6 C:\xampp\htdocs\unhi_pemrograman_web_2\pertemuan_10\app\Controllers\User\Beranda.php(14): CodeIgniter\BaseModel->findAll()
#7 C:\xampp\htdocs\unhi_pemrograman_web_2\pertemuan_10\system\CodeIgniter.php(919): App\Controllers\User\Beranda->index()
#8 C:\xampp\htdocs\unhi_pemrograman_web_2\pertemuan_10\system\CodeIgniter.php(494): CodeIgniter\CodeIgniter->runController(Object(App\Controllers\User\Beranda))
#9 C:\xampp\htdocs\unhi_pemrograman_web_2\pertemuan_10\system\CodeIgniter.php(353): CodeIgniter\CodeIgniter->handleRequest(NULL, Object(Config\Cache), false)
#10 C:\xampp\htdocs\unhi_pemrograman_web_2\pertemuan_10\public\index.php(79): CodeIgniter\CodeIgniter->run()
#11 {main}

Next CodeIgniter\Database\Exceptions\DatabaseException: No connection could be made because the target machine actively refused it.
 in C:\xampp\htdocs\unhi_pemrograman_web_2\pertemuan_10\system\Database\MySQLi\Connection.php:229
Stack trace:
#0 C:\xampp\htdocs\unhi_pemrograman_web_2\pertemuan_10\system\Database\BaseConnection.php(391): CodeIgniter\Database\MySQLi\Connection->connect(false)
#1 C:\xampp\htdocs\unhi_pemrograman_web_2\pertemuan_10\system\Database\BaseConnection.php(574): CodeIgniter\Database\BaseConnection->initialize()
#2 C:\xampp\htdocs\unhi_pemrograman_web_2\pertemuan_10\system\Database\BaseBuilder.php(1615): CodeIgniter\Database\BaseConnection->query('SELECT *\nFROM `...', Array, false)
#3 C:\xampp\htdocs\unhi_pemrograman_web_2\pertemuan_10\system\Model.php(237): CodeIgniter\Database\BaseBuilder->get()
#4 C:\xampp\htdocs\unhi_pemrograman_web_2\pertemuan_10\system\BaseModel.php(624): CodeIgniter\Model->doFindAll(0, 0)
#5 C:\xampp\htdocs\unhi_pemrograman_web_2\pertemuan_10\app\Controllers\User\Beranda.php(14): CodeIgniter\BaseModel->findAll()
#6 C:\xampp\htdocs\unhi_pemrograman_web_2\pertemuan_10\system\CodeIgniter.php(919): App\Controllers\User\Beranda->index()
#7 C:\xampp\htdocs\unhi_pemrograman_web_2\pertemuan_10\system\CodeIgniter.php(494): CodeIgniter\CodeIgniter->runController(Object(App\Controllers\User\Beranda))
#8 C:\xampp\htdocs\unhi_pemrograman_web_2\pertemuan_10\system\CodeIgniter.php(353): CodeIgniter\CodeIgniter->handleRequest(NULL, Object(Config\Cache), false)
#9 C:\xampp\htdocs\unhi_pemrograman_web_2\pertemuan_10\public\index.php(79): CodeIgniter\CodeIgniter->run()
#10 {main}
CRITICAL - 2023-11-24 10:10:10 --> Unable to connect to the database.
Main connection [MySQLi]: No connection could be made because the target machine actively refused it.

in SYSTEMPATH\Database\BaseConnection.php on line 427.
 1 SYSTEMPATH\Database\BaseConnection.php(574): CodeIgniter\Database\BaseConnection->initialize()
 2 SYSTEMPATH\Database\BaseBuilder.php(1615): CodeIgniter\Database\BaseConnection->query('SELECT *
FROM `product`', [], false)
 3 SYSTEMPATH\Model.php(237): CodeIgniter\Database\BaseBuilder->get()
 4 SYSTEMPATH\BaseModel.php(624): CodeIgniter\Model->doFindAll(0, 0)
 5 APPPATH\Controllers\User\Beranda.php(14): CodeIgniter\BaseModel->findAll()
 6 SYSTEMPATH\CodeIgniter.php(919): App\Controllers\User\Beranda->index()
 7 SYSTEMPATH\CodeIgniter.php(494): CodeIgniter\CodeIgniter->runController(Object(App\Controllers\User\Beranda))
 8 SYSTEMPATH\CodeIgniter.php(353): CodeIgniter\CodeIgniter->handleRequest(null, Object(Config\Cache), false)
 9 FCPATH\index.php(79): CodeIgniter\CodeIgniter->run()
ERROR - 2023-11-24 10:10:11 --> Error connecting to the database: mysqli_sql_exception: No connection could be made because the target machine actively refused it.
 in C:\xampp\htdocs\unhi_pemrograman_web_2\pertemuan_10\system\Database\MySQLi\Connection.php:185
Stack trace:
#0 C:\xampp\htdocs\unhi_pemrograman_web_2\pertemuan_10\system\Database\MySQLi\Connection.php(185): mysqli->real_connect('localhost', 'root', '', 'unhi_pemrograma...', 3306, '', 0)
#1 C:\xampp\htdocs\unhi_pemrograman_web_2\pertemuan_10\system\Database\BaseConnection.php(391): CodeIgniter\Database\MySQLi\Connection->connect(false)
#2 C:\xampp\htdocs\unhi_pemrograman_web_2\pertemuan_10\system\Database\BaseConnection.php(574): CodeIgniter\Database\BaseConnection->initialize()
#3 C:\xampp\htdocs\unhi_pemrograman_web_2\pertemuan_10\system\Database\BaseBuilder.php(1615): CodeIgniter\Database\BaseConnection->query('SELECT *\nFROM `...', Array, false)
#4 C:\xampp\htdocs\unhi_pemrograman_web_2\pertemuan_10\system\Model.php(237): CodeIgniter\Database\BaseBuilder->get()
#5 C:\xampp\htdocs\unhi_pemrograman_web_2\pertemuan_10\system\BaseModel.php(624): CodeIgniter\Model->doFindAll(0, 0)
#6 C:\xampp\htdocs\unhi_pemrograman_web_2\pertemuan_10\app\Controllers\User\Beranda.php(14): CodeIgniter\BaseModel->findAll()
#7 C:\xampp\htdocs\unhi_pemrograman_web_2\pertemuan_10\system\CodeIgniter.php(919): App\Controllers\User\Beranda->index()
#8 C:\xampp\htdocs\unhi_pemrograman_web_2\pertemuan_10\system\CodeIgniter.php(494): CodeIgniter\CodeIgniter->runController(Object(App\Controllers\User\Beranda))
#9 C:\xampp\htdocs\unhi_pemrograman_web_2\pertemuan_10\system\CodeIgniter.php(353): CodeIgniter\CodeIgniter->handleRequest(NULL, Object(Config\Cache), false)
#10 C:\xampp\htdocs\unhi_pemrograman_web_2\pertemuan_10\public\index.php(79): CodeIgniter\CodeIgniter->run()
#11 {main}

Next CodeIgniter\Database\Exceptions\DatabaseException: No connection could be made because the target machine actively refused it.
 in C:\xampp\htdocs\unhi_pemrograman_web_2\pertemuan_10\system\Database\MySQLi\Connection.php:229
Stack trace:
#0 C:\xampp\htdocs\unhi_pemrograman_web_2\pertemuan_10\system\Database\BaseConnection.php(391): CodeIgniter\Database\MySQLi\Connection->connect(false)
#1 C:\xampp\htdocs\unhi_pemrograman_web_2\pertemuan_10\system\Database\BaseConnection.php(574): CodeIgniter\Database\BaseConnection->initialize()
#2 C:\xampp\htdocs\unhi_pemrograman_web_2\pertemuan_10\system\Database\BaseBuilder.php(1615): CodeIgniter\Database\BaseConnection->query('SELECT *\nFROM `...', Array, false)
#3 C:\xampp\htdocs\unhi_pemrograman_web_2\pertemuan_10\system\Model.php(237): CodeIgniter\Database\BaseBuilder->get()
#4 C:\xampp\htdocs\unhi_pemrograman_web_2\pertemuan_10\system\BaseModel.php(624): CodeIgniter\Model->doFindAll(0, 0)
#5 C:\xampp\htdocs\unhi_pemrograman_web_2\pertemuan_10\app\Controllers\User\Beranda.php(14): CodeIgniter\BaseModel->findAll()
#6 C:\xampp\htdocs\unhi_pemrograman_web_2\pertemuan_10\system\CodeIgniter.php(919): App\Controllers\User\Beranda->index()
#7 C:\xampp\htdocs\unhi_pemrograman_web_2\pertemuan_10\system\CodeIgniter.php(494): CodeIgniter\CodeIgniter->runController(Object(App\Controllers\User\Beranda))
#8 C:\xampp\htdocs\unhi_pemrograman_web_2\pertemuan_10\system\CodeIgniter.php(353): CodeIgniter\CodeIgniter->handleRequest(NULL, Object(Config\Cache), false)
#9 C:\xampp\htdocs\unhi_pemrograman_web_2\pertemuan_10\public\index.php(79): CodeIgniter\CodeIgniter->run()
#10 {main}
CRITICAL - 2023-11-24 10:10:11 --> Unable to connect to the database.
Main connection [MySQLi]: No connection could be made because the target machine actively refused it.

in SYSTEMPATH\Database\BaseConnection.php on line 427.
 1 SYSTEMPATH\Database\BaseConnection.php(574): CodeIgniter\Database\BaseConnection->initialize()
 2 SYSTEMPATH\Database\BaseBuilder.php(1615): CodeIgniter\Database\BaseConnection->query('SELECT *
FROM `product`', [], false)
 3 SYSTEMPATH\Model.php(237): CodeIgniter\Database\BaseBuilder->get()
 4 SYSTEMPATH\BaseModel.php(624): CodeIgniter\Model->doFindAll(0, 0)
 5 APPPATH\Controllers\User\Beranda.php(14): CodeIgniter\BaseModel->findAll()
 6 SYSTEMPATH\CodeIgniter.php(919): App\Controllers\User\Beranda->index()
 7 SYSTEMPATH\CodeIgniter.php(494): CodeIgniter\CodeIgniter->runController(Object(App\Controllers\User\Beranda))
 8 SYSTEMPATH\CodeIgniter.php(353): CodeIgniter\CodeIgniter->handleRequest(null, Object(Config\Cache), false)
 9 FCPATH\index.php(79): CodeIgniter\CodeIgniter->run()
ERROR - 2023-11-24 10:10:11 --> Error connecting to the database: mysqli_sql_exception: No connection could be made because the target machine actively refused it.
 in C:\xampp\htdocs\unhi_pemrograman_web_2\pertemuan_10\system\Database\MySQLi\Connection.php:185
Stack trace:
#0 C:\xampp\htdocs\unhi_pemrograman_web_2\pertemuan_10\system\Database\MySQLi\Connection.php(185): mysqli->real_connect('localhost', 'root', '', 'unhi_pemrograma...', 3306, '', 0)
#1 C:\xampp\htdocs\unhi_pemrograman_web_2\pertemuan_10\system\Database\BaseConnection.php(391): CodeIgniter\Database\MySQLi\Connection->connect(false)
#2 C:\xampp\htdocs\unhi_pemrograman_web_2\pertemuan_10\system\Database\BaseConnection.php(574): CodeIgniter\Database\BaseConnection->initialize()
#3 C:\xampp\htdocs\unhi_pemrograman_web_2\pertemuan_10\system\Database\BaseBuilder.php(1615): CodeIgniter\Database\BaseConnection->query('SELECT *\nFROM `...', Array, false)
#4 C:\xampp\htdocs\unhi_pemrograman_web_2\pertemuan_10\system\Model.php(237): CodeIgniter\Database\BaseBuilder->get()
#5 C:\xampp\htdocs\unhi_pemrograman_web_2\pertemuan_10\system\BaseModel.php(624): CodeIgniter\Model->doFindAll(0, 0)
#6 C:\xampp\htdocs\unhi_pemrograman_web_2\pertemuan_10\app\Controllers\User\Beranda.php(14): CodeIgniter\BaseModel->findAll()
#7 C:\xampp\htdocs\unhi_pemrograman_web_2\pertemuan_10\system\CodeIgniter.php(919): App\Controllers\User\Beranda->index()
#8 C:\xampp\htdocs\unhi_pemrograman_web_2\pertemuan_10\system\CodeIgniter.php(494): CodeIgniter\CodeIgniter->runController(Object(App\Controllers\User\Beranda))
#9 C:\xampp\htdocs\unhi_pemrograman_web_2\pertemuan_10\system\CodeIgniter.php(353): CodeIgniter\CodeIgniter->handleRequest(NULL, Object(Config\Cache), false)
#10 C:\xampp\htdocs\unhi_pemrograman_web_2\pertemuan_10\public\index.php(79): CodeIgniter\CodeIgniter->run()
#11 {main}

Next CodeIgniter\Database\Exceptions\DatabaseException: No connection could be made because the target machine actively refused it.
 in C:\xampp\htdocs\unhi_pemrograman_web_2\pertemuan_10\system\Database\MySQLi\Connection.php:229
Stack trace:
#0 C:\xampp\htdocs\unhi_pemrograman_web_2\pertemuan_10\system\Database\BaseConnection.php(391): CodeIgniter\Database\MySQLi\Connection->connect(false)
#1 C:\xampp\htdocs\unhi_pemrograman_web_2\pertemuan_10\system\Database\BaseConnection.php(574): CodeIgniter\Database\BaseConnection->initialize()
#2 C:\xampp\htdocs\unhi_pemrograman_web_2\pertemuan_10\system\Database\BaseBuilder.php(1615): CodeIgniter\Database\BaseConnection->query('SELECT *\nFROM `...', Array, false)
#3 C:\xampp\htdocs\unhi_pemrograman_web_2\pertemuan_10\system\Model.php(237): CodeIgniter\Database\BaseBuilder->get()
#4 C:\xampp\htdocs\unhi_pemrograman_web_2\pertemuan_10\system\BaseModel.php(624): CodeIgniter\Model->doFindAll(0, 0)
#5 C:\xampp\htdocs\unhi_pemrograman_web_2\pertemuan_10\app\Controllers\User\Beranda.php(14): CodeIgniter\BaseModel->findAll()
#6 C:\xampp\htdocs\unhi_pemrograman_web_2\pertemuan_10\system\CodeIgniter.php(919): App\Controllers\User\Beranda->index()
#7 C:\xampp\htdocs\unhi_pemrograman_web_2\pertemuan_10\system\CodeIgniter.php(494): CodeIgniter\CodeIgniter->runController(Object(App\Controllers\User\Beranda))
#8 C:\xampp\htdocs\unhi_pemrograman_web_2\pertemuan_10\system\CodeIgniter.php(353): CodeIgniter\CodeIgniter->handleRequest(NULL, Object(Config\Cache), false)
#9 C:\xampp\htdocs\unhi_pemrograman_web_2\pertemuan_10\public\index.php(79): CodeIgniter\CodeIgniter->run()
#10 {main}
CRITICAL - 2023-11-24 10:10:11 --> Unable to connect to the database.
Main connection [MySQLi]: No connection could be made because the target machine actively refused it.

in SYSTEMPATH\Database\BaseConnection.php on line 427.
 1 SYSTEMPATH\Database\BaseConnection.php(574): CodeIgniter\Database\BaseConnection->initialize()
 2 SYSTEMPATH\Database\BaseBuilder.php(1615): CodeIgniter\Database\BaseConnection->query('SELECT *
FROM `product`', [], false)
 3 SYSTEMPATH\Model.php(237): CodeIgniter\Database\BaseBuilder->get()
 4 SYSTEMPATH\BaseModel.php(624): CodeIgniter\Model->doFindAll(0, 0)
 5 APPPATH\Controllers\User\Beranda.php(14): CodeIgniter\BaseModel->findAll()
 6 SYSTEMPATH\CodeIgniter.php(919): App\Controllers\User\Beranda->index()
 7 SYSTEMPATH\CodeIgniter.php(494): CodeIgniter\CodeIgniter->runController(Object(App\Controllers\User\Beranda))
 8 SYSTEMPATH\CodeIgniter.php(353): CodeIgniter\CodeIgniter->handleRequest(null, Object(Config\Cache), false)
 9 FCPATH\index.php(79): CodeIgniter\CodeIgniter->run()
ERROR - 2023-11-24 10:10:11 --> Error connecting to the database: mysqli_sql_exception: No connection could be made because the target machine actively refused it.
 in C:\xampp\htdocs\unhi_pemrograman_web_2\pertemuan_10\system\Database\MySQLi\Connection.php:185
Stack trace:
#0 C:\xampp\htdocs\unhi_pemrograman_web_2\pertemuan_10\system\Database\MySQLi\Connection.php(185): mysqli->real_connect('localhost', 'root', '', 'unhi_pemrograma...', 3306, '', 0)
#1 C:\xampp\htdocs\unhi_pemrograman_web_2\pertemuan_10\system\Database\BaseConnection.php(391): CodeIgniter\Database\MySQLi\Connection->connect(false)
#2 C:\xampp\htdocs\unhi_pemrograman_web_2\pertemuan_10\system\Database\BaseConnection.php(574): CodeIgniter\Database\BaseConnection->initialize()
#3 C:\xampp\htdocs\unhi_pemrograman_web_2\pertemuan_10\system\Database\BaseBuilder.php(1615): CodeIgniter\Database\BaseConnection->query('SELECT *\nFROM `...', Array, false)
#4 C:\xampp\htdocs\unhi_pemrograman_web_2\pertemuan_10\system\Model.php(237): CodeIgniter\Database\BaseBuilder->get()
#5 C:\xampp\htdocs\unhi_pemrograman_web_2\pertemuan_10\system\BaseModel.php(624): CodeIgniter\Model->doFindAll(0, 0)
#6 C:\xampp\htdocs\unhi_pemrograman_web_2\pertemuan_10\app\Controllers\User\Beranda.php(14): CodeIgniter\BaseModel->findAll()
#7 C:\xampp\htdocs\unhi_pemrograman_web_2\pertemuan_10\system\CodeIgniter.php(919): App\Controllers\User\Beranda->index()
#8 C:\xampp\htdocs\unhi_pemrograman_web_2\pertemuan_10\system\CodeIgniter.php(494): CodeIgniter\CodeIgniter->runController(Object(App\Controllers\User\Beranda))
#9 C:\xampp\htdocs\unhi_pemrograman_web_2\pertemuan_10\system\CodeIgniter.php(353): CodeIgniter\CodeIgniter->handleRequest(NULL, Object(Config\Cache), false)
#10 C:\xampp\htdocs\unhi_pemrograman_web_2\pertemuan_10\public\index.php(79): CodeIgniter\CodeIgniter->run()
#11 {main}

Next CodeIgniter\Database\Exceptions\DatabaseException: No connection could be made because the target machine actively refused it.
 in C:\xampp\htdocs\unhi_pemrograman_web_2\pertemuan_10\system\Database\MySQLi\Connection.php:229
Stack trace:
#0 C:\xampp\htdocs\unhi_pemrograman_web_2\pertemuan_10\system\Database\BaseConnection.php(391): CodeIgniter\Database\MySQLi\Connection->connect(false)
#1 C:\xampp\htdocs\unhi_pemrograman_web_2\pertemuan_10\system\Database\BaseConnection.php(574): CodeIgniter\Database\BaseConnection->initialize()
#2 C:\xampp\htdocs\unhi_pemrograman_web_2\pertemuan_10\system\Database\BaseBuilder.php(1615): CodeIgniter\Database\BaseConnection->query('SELECT *\nFROM `...', Array, false)
#3 C:\xampp\htdocs\unhi_pemrograman_web_2\pertemuan_10\system\Model.php(237): CodeIgniter\Database\BaseBuilder->get()
#4 C:\xampp\htdocs\unhi_pemrograman_web_2\pertemuan_10\system\BaseModel.php(624): CodeIgniter\Model->doFindAll(0, 0)
#5 C:\xampp\htdocs\unhi_pemrograman_web_2\pertemuan_10\app\Controllers\User\Beranda.php(14): CodeIgniter\BaseModel->findAll()
#6 C:\xampp\htdocs\unhi_pemrograman_web_2\pertemuan_10\system\CodeIgniter.php(919): App\Controllers\User\Beranda->index()
#7 C:\xampp\htdocs\unhi_pemrograman_web_2\pertemuan_10\system\CodeIgniter.php(494): CodeIgniter\CodeIgniter->runController(Object(App\Controllers\User\Beranda))
#8 C:\xampp\htdocs\unhi_pemrograman_web_2\pertemuan_10\system\CodeIgniter.php(353): CodeIgniter\CodeIgniter->handleRequest(NULL, Object(Config\Cache), false)
#9 C:\xampp\htdocs\unhi_pemrograman_web_2\pertemuan_10\public\index.php(79): CodeIgniter\CodeIgniter->run()
#10 {main}
CRITICAL - 2023-11-24 10:10:11 --> Unable to connect to the database.
Main connection [MySQLi]: No connection could be made because the target machine actively refused it.

in SYSTEMPATH\Database\BaseConnection.php on line 427.
 1 SYSTEMPATH\Database\BaseConnection.php(574): CodeIgniter\Database\BaseConnection->initialize()
 2 SYSTEMPATH\Database\BaseBuilder.php(1615): CodeIgniter\Database\BaseConnection->query('SELECT *
FROM `product`', [], false)
 3 SYSTEMPATH\Model.php(237): CodeIgniter\Database\BaseBuilder->get()
 4 SYSTEMPATH\BaseModel.php(624): CodeIgniter\Model->doFindAll(0, 0)
 5 APPPATH\Controllers\User\Beranda.php(14): CodeIgniter\BaseModel->findAll()
 6 SYSTEMPATH\CodeIgniter.php(919): App\Controllers\User\Beranda->index()
 7 SYSTEMPATH\CodeIgniter.php(494): CodeIgniter\CodeIgniter->runController(Object(App\Controllers\User\Beranda))
 8 SYSTEMPATH\CodeIgniter.php(353): CodeIgniter\CodeIgniter->handleRequest(null, Object(Config\Cache), false)
 9 FCPATH\index.php(79): CodeIgniter\CodeIgniter->run()
ERROR - 2023-11-24 10:10:11 --> Error connecting to the database: mysqli_sql_exception: No connection could be made because the target machine actively refused it.
 in C:\xampp\htdocs\unhi_pemrograman_web_2\pertemuan_10\system\Database\MySQLi\Connection.php:185
Stack trace:
#0 C:\xampp\htdocs\unhi_pemrograman_web_2\pertemuan_10\system\Database\MySQLi\Connection.php(185): mysqli->real_connect('localhost', 'root', '', 'unhi_pemrograma...', 3306, '', 0)
#1 C:\xampp\htdocs\unhi_pemrograman_web_2\pertemuan_10\system\Database\BaseConnection.php(391): CodeIgniter\Database\MySQLi\Connection->connect(false)
#2 C:\xampp\htdocs\unhi_pemrograman_web_2\pertemuan_10\system\Database\BaseConnection.php(574): CodeIgniter\Database\BaseConnection->initialize()
#3 C:\xampp\htdocs\unhi_pemrograman_web_2\pertemuan_10\system\Database\BaseBuilder.php(1615): CodeIgniter\Database\BaseConnection->query('SELECT *\nFROM `...', Array, false)
#4 C:\xampp\htdocs\unhi_pemrograman_web_2\pertemuan_10\system\Model.php(237): CodeIgniter\Database\BaseBuilder->get()
#5 C:\xampp\htdocs\unhi_pemrograman_web_2\pertemuan_10\system\BaseModel.php(624): CodeIgniter\Model->doFindAll(0, 0)
#6 C:\xampp\htdocs\unhi_pemrograman_web_2\pertemuan_10\app\Controllers\User\Beranda.php(14): CodeIgniter\BaseModel->findAll()
#7 C:\xampp\htdocs\unhi_pemrograman_web_2\pertemuan_10\system\CodeIgniter.php(919): App\Controllers\User\Beranda->index()
#8 C:\xampp\htdocs\unhi_pemrograman_web_2\pertemuan_10\system\CodeIgniter.php(494): CodeIgniter\CodeIgniter->runController(Object(App\Controllers\User\Beranda))
#9 C:\xampp\htdocs\unhi_pemrograman_web_2\pertemuan_10\system\CodeIgniter.php(353): CodeIgniter\CodeIgniter->handleRequest(NULL, Object(Config\Cache), false)
#10 C:\xampp\htdocs\unhi_pemrograman_web_2\pertemuan_10\public\index.php(79): CodeIgniter\CodeIgniter->run()
#11 {main}

Next CodeIgniter\Database\Exceptions\DatabaseException: No connection could be made because the target machine actively refused it.
 in C:\xampp\htdocs\unhi_pemrograman_web_2\pertemuan_10\system\Database\MySQLi\Connection.php:229
Stack trace:
#0 C:\xampp\htdocs\unhi_pemrograman_web_2\pertemuan_10\system\Database\BaseConnection.php(391): CodeIgniter\Database\MySQLi\Connection->connect(false)
#1 C:\xampp\htdocs\unhi_pemrograman_web_2\pertemuan_10\system\Database\BaseConnection.php(574): CodeIgniter\Database\BaseConnection->initialize()
#2 C:\xampp\htdocs\unhi_pemrograman_web_2\pertemuan_10\system\Database\BaseBuilder.php(1615): CodeIgniter\Database\BaseConnection->query('SELECT *\nFROM `...', Array, false)
#3 C:\xampp\htdocs\unhi_pemrograman_web_2\pertemuan_10\system\Model.php(237): CodeIgniter\Database\BaseBuilder->get()
#4 C:\xampp\htdocs\unhi_pemrograman_web_2\pertemuan_10\system\BaseModel.php(624): CodeIgniter\Model->doFindAll(0, 0)
#5 C:\xampp\htdocs\unhi_pemrograman_web_2\pertemuan_10\app\Controllers\User\Beranda.php(14): CodeIgniter\BaseModel->findAll()
#6 C:\xampp\htdocs\unhi_pemrograman_web_2\pertemuan_10\system\CodeIgniter.php(919): App\Controllers\User\Beranda->index()
#7 C:\xampp\htdocs\unhi_pemrograman_web_2\pertemuan_10\system\CodeIgniter.php(494): CodeIgniter\CodeIgniter->runController(Object(App\Controllers\User\Beranda))
#8 C:\xampp\htdocs\unhi_pemrograman_web_2\pertemuan_10\system\CodeIgniter.php(353): CodeIgniter\CodeIgniter->handleRequest(NULL, Object(Config\Cache), false)
#9 C:\xampp\htdocs\unhi_pemrograman_web_2\pertemuan_10\public\index.php(79): CodeIgniter\CodeIgniter->run()
#10 {main}
CRITICAL - 2023-11-24 10:10:11 --> Unable to connect to the database.
Main connection [MySQLi]: No connection could be made because the target machine actively refused it.

in SYSTEMPATH\Database\BaseConnection.php on line 427.
 1 SYSTEMPATH\Database\BaseConnection.php(574): CodeIgniter\Database\BaseConnection->initialize()
 2 SYSTEMPATH\Database\BaseBuilder.php(1615): CodeIgniter\Database\BaseConnection->query('SELECT *
FROM `product`', [], false)
 3 SYSTEMPATH\Model.php(237): CodeIgniter\Database\BaseBuilder->get()
 4 SYSTEMPATH\BaseModel.php(624): CodeIgniter\Model->doFindAll(0, 0)
 5 APPPATH\Controllers\User\Beranda.php(14): CodeIgniter\BaseModel->findAll()
 6 SYSTEMPATH\CodeIgniter.php(919): App\Controllers\User\Beranda->index()
 7 SYSTEMPATH\CodeIgniter.php(494): CodeIgniter\CodeIgniter->runController(Object(App\Controllers\User\Beranda))
 8 SYSTEMPATH\CodeIgniter.php(353): CodeIgniter\CodeIgniter->handleRequest(null, Object(Config\Cache), false)
 9 FCPATH\index.php(79): CodeIgniter\CodeIgniter->run()
ERROR - 2023-11-24 10:10:11 --> Error connecting to the database: mysqli_sql_exception: No connection could be made because the target machine actively refused it.
 in C:\xampp\htdocs\unhi_pemrograman_web_2\pertemuan_10\system\Database\MySQLi\Connection.php:185
Stack trace:
#0 C:\xampp\htdocs\unhi_pemrograman_web_2\pertemuan_10\system\Database\MySQLi\Connection.php(185): mysqli->real_connect('localhost', 'root', '', 'unhi_pemrograma...', 3306, '', 0)
#1 C:\xampp\htdocs\unhi_pemrograman_web_2\pertemuan_10\system\Database\BaseConnection.php(391): CodeIgniter\Database\MySQLi\Connection->connect(false)
#2 C:\xampp\htdocs\unhi_pemrograman_web_2\pertemuan_10\system\Database\BaseConnection.php(574): CodeIgniter\Database\BaseConnection->initialize()
#3 C:\xampp\htdocs\unhi_pemrograman_web_2\pertemuan_10\system\Database\BaseBuilder.php(1615): CodeIgniter\Database\BaseConnection->query('SELECT *\nFROM `...', Array, false)
#4 C:\xampp\htdocs\unhi_pemrograman_web_2\pertemuan_10\system\Model.php(237): CodeIgniter\Database\BaseBuilder->get()
#5 C:\xampp\htdocs\unhi_pemrograman_web_2\pertemuan_10\system\BaseModel.php(624): CodeIgniter\Model->doFindAll(0, 0)
#6 C:\xampp\htdocs\unhi_pemrograman_web_2\pertemuan_10\app\Controllers\User\Beranda.php(14): CodeIgniter\BaseModel->findAll()
#7 C:\xampp\htdocs\unhi_pemrograman_web_2\pertemuan_10\system\CodeIgniter.php(919): App\Controllers\User\Beranda->index()
#8 C:\xampp\htdocs\unhi_pemrograman_web_2\pertemuan_10\system\CodeIgniter.php(494): CodeIgniter\CodeIgniter->runController(Object(App\Controllers\User\Beranda))
#9 C:\xampp\htdocs\unhi_pemrograman_web_2\pertemuan_10\system\CodeIgniter.php(353): CodeIgniter\CodeIgniter->handleRequest(NULL, Object(Config\Cache), false)
#10 C:\xampp\htdocs\unhi_pemrograman_web_2\pertemuan_10\public\index.php(79): CodeIgniter\CodeIgniter->run()
#11 {main}

Next CodeIgniter\Database\Exceptions\DatabaseException: No connection could be made because the target machine actively refused it.
 in C:\xampp\htdocs\unhi_pemrograman_web_2\pertemuan_10\system\Database\MySQLi\Connection.php:229
Stack trace:
#0 C:\xampp\htdocs\unhi_pemrograman_web_2\pertemuan_10\system\Database\BaseConnection.php(391): CodeIgniter\Database\MySQLi\Connection->connect(false)
#1 C:\xampp\htdocs\unhi_pemrograman_web_2\pertemuan_10\system\Database\BaseConnection.php(574): CodeIgniter\Database\BaseConnection->initialize()
#2 C:\xampp\htdocs\unhi_pemrograman_web_2\pertemuan_10\system\Database\BaseBuilder.php(1615): CodeIgniter\Database\BaseConnection->query('SELECT *\nFROM `...', Array, false)
#3 C:\xampp\htdocs\unhi_pemrograman_web_2\pertemuan_10\system\Model.php(237): CodeIgniter\Database\BaseBuilder->get()
#4 C:\xampp\htdocs\unhi_pemrograman_web_2\pertemuan_10\system\BaseModel.php(624): CodeIgniter\Model->doFindAll(0, 0)
#5 C:\xampp\htdocs\unhi_pemrograman_web_2\pertemuan_10\app\Controllers\User\Beranda.php(14): CodeIgniter\BaseModel->findAll()
#6 C:\xampp\htdocs\unhi_pemrograman_web_2\pertemuan_10\system\CodeIgniter.php(919): App\Controllers\User\Beranda->index()
#7 C:\xampp\htdocs\unhi_pemrograman_web_2\pertemuan_10\system\CodeIgniter.php(494): CodeIgniter\CodeIgniter->runController(Object(App\Controllers\User\Beranda))
#8 C:\xampp\htdocs\unhi_pemrograman_web_2\pertemuan_10\system\CodeIgniter.php(353): CodeIgniter\CodeIgniter->handleRequest(NULL, Object(Config\Cache), false)
#9 C:\xampp\htdocs\unhi_pemrograman_web_2\pertemuan_10\public\index.php(79): CodeIgniter\CodeIgniter->run()
#10 {main}
CRITICAL - 2023-11-24 10:10:11 --> Unable to connect to the database.
Main connection [MySQLi]: No connection could be made because the target machine actively refused it.

in SYSTEMPATH\Database\BaseConnection.php on line 427.
 1 SYSTEMPATH\Database\BaseConnection.php(574): CodeIgniter\Database\BaseConnection->initialize()
 2 SYSTEMPATH\Database\BaseBuilder.php(1615): CodeIgniter\Database\BaseConnection->query('SELECT *
FROM `product`', [], false)
 3 SYSTEMPATH\Model.php(237): CodeIgniter\Database\BaseBuilder->get()
 4 SYSTEMPATH\BaseModel.php(624): CodeIgniter\Model->doFindAll(0, 0)
 5 APPPATH\Controllers\User\Beranda.php(14): CodeIgniter\BaseModel->findAll()
 6 SYSTEMPATH\CodeIgniter.php(919): App\Controllers\User\Beranda->index()
 7 SYSTEMPATH\CodeIgniter.php(494): CodeIgniter\CodeIgniter->runController(Object(App\Controllers\User\Beranda))
 8 SYSTEMPATH\CodeIgniter.php(353): CodeIgniter\CodeIgniter->handleRequest(null, Object(Config\Cache), false)
 9 FCPATH\index.php(79): CodeIgniter\CodeIgniter->run()
ERROR - 2023-11-24 10:10:12 --> Error connecting to the database: mysqli_sql_exception: No connection could be made because the target machine actively refused it.
 in C:\xampp\htdocs\unhi_pemrograman_web_2\pertemuan_10\system\Database\MySQLi\Connection.php:185
Stack trace:
#0 C:\xampp\htdocs\unhi_pemrograman_web_2\pertemuan_10\system\Database\MySQLi\Connection.php(185): mysqli->real_connect('localhost', 'root', '', 'unhi_pemrograma...', 3306, '', 0)
#1 C:\xampp\htdocs\unhi_pemrograman_web_2\pertemuan_10\system\Database\BaseConnection.php(391): CodeIgniter\Database\MySQLi\Connection->connect(false)
#2 C:\xampp\htdocs\unhi_pemrograman_web_2\pertemuan_10\system\Database\BaseConnection.php(574): CodeIgniter\Database\BaseConnection->initialize()
#3 C:\xampp\htdocs\unhi_pemrograman_web_2\pertemuan_10\system\Database\BaseBuilder.php(1615): CodeIgniter\Database\BaseConnection->query('SELECT *\nFROM `...', Array, false)
#4 C:\xampp\htdocs\unhi_pemrograman_web_2\pertemuan_10\system\Model.php(237): CodeIgniter\Database\BaseBuilder->get()
#5 C:\xampp\htdocs\unhi_pemrograman_web_2\pertemuan_10\system\BaseModel.php(624): CodeIgniter\Model->doFindAll(0, 0)
#6 C:\xampp\htdocs\unhi_pemrograman_web_2\pertemuan_10\app\Controllers\User\Beranda.php(14): CodeIgniter\BaseModel->findAll()
#7 C:\xampp\htdocs\unhi_pemrograman_web_2\pertemuan_10\system\CodeIgniter.php(919): App\Controllers\User\Beranda->index()
#8 C:\xampp\htdocs\unhi_pemrograman_web_2\pertemuan_10\system\CodeIgniter.php(494): CodeIgniter\CodeIgniter->runController(Object(App\Controllers\User\Beranda))
#9 C:\xampp\htdocs\unhi_pemrograman_web_2\pertemuan_10\system\CodeIgniter.php(353): CodeIgniter\CodeIgniter->handleRequest(NULL, Object(Config\Cache), false)
#10 C:\xampp\htdocs\unhi_pemrograman_web_2\pertemuan_10\public\index.php(79): CodeIgniter\CodeIgniter->run()
#11 {main}

Next CodeIgniter\Database\Exceptions\DatabaseException: No connection could be made because the target machine actively refused it.
 in C:\xampp\htdocs\unhi_pemrograman_web_2\pertemuan_10\system\Database\MySQLi\Connection.php:229
Stack trace:
#0 C:\xampp\htdocs\unhi_pemrograman_web_2\pertemuan_10\system\Database\BaseConnection.php(391): CodeIgniter\Database\MySQLi\Connection->connect(false)
#1 C:\xampp\htdocs\unhi_pemrograman_web_2\pertemuan_10\system\Database\BaseConnection.php(574): CodeIgniter\Database\BaseConnection->initialize()
#2 C:\xampp\htdocs\unhi_pemrograman_web_2\pertemuan_10\system\Database\BaseBuilder.php(1615): CodeIgniter\Database\BaseConnection->query('SELECT *\nFROM `...', Array, false)
#3 C:\xampp\htdocs\unhi_pemrograman_web_2\pertemuan_10\system\Model.php(237): CodeIgniter\Database\BaseBuilder->get()
#4 C:\xampp\htdocs\unhi_pemrograman_web_2\pertemuan_10\system\BaseModel.php(624): CodeIgniter\Model->doFindAll(0, 0)
#5 C:\xampp\htdocs\unhi_pemrograman_web_2\pertemuan_10\app\Controllers\User\Beranda.php(14): CodeIgniter\BaseModel->findAll()
#6 C:\xampp\htdocs\unhi_pemrograman_web_2\pertemuan_10\system\CodeIgniter.php(919): App\Controllers\User\Beranda->index()
#7 C:\xampp\htdocs\unhi_pemrograman_web_2\pertemuan_10\system\CodeIgniter.php(494): CodeIgniter\CodeIgniter->runController(Object(App\Controllers\User\Beranda))
#8 C:\xampp\htdocs\unhi_pemrograman_web_2\pertemuan_10\system\CodeIgniter.php(353): CodeIgniter\CodeIgniter->handleRequest(NULL, Object(Config\Cache), false)
#9 C:\xampp\htdocs\unhi_pemrograman_web_2\pertemuan_10\public\index.php(79): CodeIgniter\CodeIgniter->run()
#10 {main}
CRITICAL - 2023-11-24 10:10:12 --> Unable to connect to the database.
Main connection [MySQLi]: No connection could be made because the target machine actively refused it.

in SYSTEMPATH\Database\BaseConnection.php on line 427.
 1 SYSTEMPATH\Database\BaseConnection.php(574): CodeIgniter\Database\BaseConnection->initialize()
 2 SYSTEMPATH\Database\BaseBuilder.php(1615): CodeIgniter\Database\BaseConnection->query('SELECT *
FROM `product`', [], false)
 3 SYSTEMPATH\Model.php(237): CodeIgniter\Database\BaseBuilder->get()
 4 SYSTEMPATH\BaseModel.php(624): CodeIgniter\Model->doFindAll(0, 0)
 5 APPPATH\Controllers\User\Beranda.php(14): CodeIgniter\BaseModel->findAll()
 6 SYSTEMPATH\CodeIgniter.php(919): App\Controllers\User\Beranda->index()
 7 SYSTEMPATH\CodeIgniter.php(494): CodeIgniter\CodeIgniter->runController(Object(App\Controllers\User\Beranda))
 8 SYSTEMPATH\CodeIgniter.php(353): CodeIgniter\CodeIgniter->handleRequest(null, Object(Config\Cache), false)
 9 FCPATH\index.php(79): CodeIgniter\CodeIgniter->run()
ERROR - 2023-11-24 10:10:26 --> Error connecting to the database: mysqli_sql_exception: No connection could be made because the target machine actively refused it.
 in C:\xampp\htdocs\unhi_pemrograman_web_2\pertemuan_10\system\Database\MySQLi\Connection.php:185
Stack trace:
#0 C:\xampp\htdocs\unhi_pemrograman_web_2\pertemuan_10\system\Database\MySQLi\Connection.php(185): mysqli->real_connect('localhost', 'root', '', 'unhi_pemrograma...', 3306, '', 0)
#1 C:\xampp\htdocs\unhi_pemrograman_web_2\pertemuan_10\system\Database\BaseConnection.php(391): CodeIgniter\Database\MySQLi\Connection->connect(false)
#2 C:\xampp\htdocs\unhi_pemrograman_web_2\pertemuan_10\system\Database\BaseConnection.php(574): CodeIgniter\Database\BaseConnection->initialize()
#3 C:\xampp\htdocs\unhi_pemrograman_web_2\pertemuan_10\system\Database\BaseBuilder.php(1615): CodeIgniter\Database\BaseConnection->query('SELECT *\nFROM `...', Array, false)
#4 C:\xampp\htdocs\unhi_pemrograman_web_2\pertemuan_10\system\Model.php(237): CodeIgniter\Database\BaseBuilder->get()
#5 C:\xampp\htdocs\unhi_pemrograman_web_2\pertemuan_10\system\BaseModel.php(624): CodeIgniter\Model->doFindAll(0, 0)
#6 C:\xampp\htdocs\unhi_pemrograman_web_2\pertemuan_10\app\Controllers\User\Beranda.php(14): CodeIgniter\BaseModel->findAll()
#7 C:\xampp\htdocs\unhi_pemrograman_web_2\pertemuan_10\system\CodeIgniter.php(919): App\Controllers\User\Beranda->index()
#8 C:\xampp\htdocs\unhi_pemrograman_web_2\pertemuan_10\system\CodeIgniter.php(494): CodeIgniter\CodeIgniter->runController(Object(App\Controllers\User\Beranda))
#9 C:\xampp\htdocs\unhi_pemrograman_web_2\pertemuan_10\system\CodeIgniter.php(353): CodeIgniter\CodeIgniter->handleRequest(NULL, Object(Config\Cache), false)
#10 C:\xampp\htdocs\unhi_pemrograman_web_2\pertemuan_10\public\index.php(79): CodeIgniter\CodeIgniter->run()
#11 {main}

Next CodeIgniter\Database\Exceptions\DatabaseException: No connection could be made because the target machine actively refused it.
 in C:\xampp\htdocs\unhi_pemrograman_web_2\pertemuan_10\system\Database\MySQLi\Connection.php:229
Stack trace:
#0 C:\xampp\htdocs\unhi_pemrograman_web_2\pertemuan_10\system\Database\BaseConnection.php(391): CodeIgniter\Database\MySQLi\Connection->connect(false)
#1 C:\xampp\htdocs\unhi_pemrograman_web_2\pertemuan_10\system\Database\BaseConnection.php(574): CodeIgniter\Database\BaseConnection->initialize()
#2 C:\xampp\htdocs\unhi_pemrograman_web_2\pertemuan_10\system\Database\BaseBuilder.php(1615): CodeIgniter\Database\BaseConnection->query('SELECT *\nFROM `...', Array, false)
#3 C:\xampp\htdocs\unhi_pemrograman_web_2\pertemuan_10\system\Model.php(237): CodeIgniter\Database\BaseBuilder->get()
#4 C:\xampp\htdocs\unhi_pemrograman_web_2\pertemuan_10\system\BaseModel.php(624): CodeIgniter\Model->doFindAll(0, 0)
#5 C:\xampp\htdocs\unhi_pemrograman_web_2\pertemuan_10\app\Controllers\User\Beranda.php(14): CodeIgniter\BaseModel->findAll()
#6 C:\xampp\htdocs\unhi_pemrograman_web_2\pertemuan_10\system\CodeIgniter.php(919): App\Controllers\User\Beranda->index()
#7 C:\xampp\htdocs\unhi_pemrograman_web_2\pertemuan_10\system\CodeIgniter.php(494): CodeIgniter\CodeIgniter->runController(Object(App\Controllers\User\Beranda))
#8 C:\xampp\htdocs\unhi_pemrograman_web_2\pertemuan_10\system\CodeIgniter.php(353): CodeIgniter\CodeIgniter->handleRequest(NULL, Object(Config\Cache), false)
#9 C:\xampp\htdocs\unhi_pemrograman_web_2\pertemuan_10\public\index.php(79): CodeIgniter\CodeIgniter->run()
#10 {main}
CRITICAL - 2023-11-24 10:10:26 --> Unable to connect to the database.
Main connection [MySQLi]: No connection could be made because the target machine actively refused it.

in SYSTEMPATH\Database\BaseConnection.php on line 427.
 1 SYSTEMPATH\Database\BaseConnection.php(574): CodeIgniter\Database\BaseConnection->initialize()
 2 SYSTEMPATH\Database\BaseBuilder.php(1615): CodeIgniter\Database\BaseConnection->query('SELECT *
FROM `product`', [], false)
 3 SYSTEMPATH\Model.php(237): CodeIgniter\Database\BaseBuilder->get()
 4 SYSTEMPATH\BaseModel.php(624): CodeIgniter\Model->doFindAll(0, 0)
 5 APPPATH\Controllers\User\Beranda.php(14): CodeIgniter\BaseModel->findAll()
 6 SYSTEMPATH\CodeIgniter.php(919): App\Controllers\User\Beranda->index()
 7 SYSTEMPATH\CodeIgniter.php(494): CodeIgniter\CodeIgniter->runController(Object(App\Controllers\User\Beranda))
 8 SYSTEMPATH\CodeIgniter.php(353): CodeIgniter\CodeIgniter->handleRequest(null, Object(Config\Cache), false)
 9 FCPATH\index.php(79): CodeIgniter\CodeIgniter->run()
ERROR - 2023-11-24 10:11:33 --> Error connecting to the database: mysqli_sql_exception: No connection could be made because the target machine actively refused it.
 in C:\xampp\htdocs\unhi_pemrograman_web_2\pertemuan_10\system\Database\MySQLi\Connection.php:185
Stack trace:
#0 C:\xampp\htdocs\unhi_pemrograman_web_2\pertemuan_10\system\Database\MySQLi\Connection.php(185): mysqli->real_connect('localhost', 'root', 'root', 'ci4', 3306, '', 0)
#1 C:\xampp\htdocs\unhi_pemrograman_web_2\pertemuan_10\system\Database\BaseConnection.php(391): CodeIgniter\Database\MySQLi\Connection->connect(false)
#2 C:\xampp\htdocs\unhi_pemrograman_web_2\pertemuan_10\system\Database\BaseConnection.php(574): CodeIgniter\Database\BaseConnection->initialize()
#3 C:\xampp\htdocs\unhi_pemrograman_web_2\pertemuan_10\system\Database\BaseBuilder.php(1615): CodeIgniter\Database\BaseConnection->query('SELECT *\nFROM `...', Array, false)
#4 C:\xampp\htdocs\unhi_pemrograman_web_2\pertemuan_10\system\Model.php(237): CodeIgniter\Database\BaseBuilder->get()
#5 C:\xampp\htdocs\unhi_pemrograman_web_2\pertemuan_10\system\BaseModel.php(624): CodeIgniter\Model->doFindAll(0, 0)
#6 C:\xampp\htdocs\unhi_pemrograman_web_2\pertemuan_10\app\Controllers\User\Beranda.php(14): CodeIgniter\BaseModel->findAll()
#7 C:\xampp\htdocs\unhi_pemrograman_web_2\pertemuan_10\system\CodeIgniter.php(919): App\Controllers\User\Beranda->index()
#8 C:\xampp\htdocs\unhi_pemrograman_web_2\pertemuan_10\system\CodeIgniter.php(494): CodeIgniter\CodeIgniter->runController(Object(App\Controllers\User\Beranda))
#9 C:\xampp\htdocs\unhi_pemrograman_web_2\pertemuan_10\system\CodeIgniter.php(353): CodeIgniter\CodeIgniter->handleRequest(NULL, Object(Config\Cache), false)
#10 C:\xampp\htdocs\unhi_pemrograman_web_2\pertemuan_10\public\index.php(79): CodeIgniter\CodeIgniter->run()
#11 {main}

Next CodeIgniter\Database\Exceptions\DatabaseException: No connection could be made because the target machine actively refused it.
 in C:\xampp\htdocs\unhi_pemrograman_web_2\pertemuan_10\system\Database\MySQLi\Connection.php:229
Stack trace:
#0 C:\xampp\htdocs\unhi_pemrograman_web_2\pertemuan_10\system\Database\BaseConnection.php(391): CodeIgniter\Database\MySQLi\Connection->connect(false)
#1 C:\xampp\htdocs\unhi_pemrograman_web_2\pertemuan_10\system\Database\BaseConnection.php(574): CodeIgniter\Database\BaseConnection->initialize()
#2 C:\xampp\htdocs\unhi_pemrograman_web_2\pertemuan_10\system\Database\BaseBuilder.php(1615): CodeIgniter\Database\BaseConnection->query('SELECT *\nFROM `...', Array, false)
#3 C:\xampp\htdocs\unhi_pemrograman_web_2\pertemuan_10\system\Model.php(237): CodeIgniter\Database\BaseBuilder->get()
#4 C:\xampp\htdocs\unhi_pemrograman_web_2\pertemuan_10\system\BaseModel.php(624): CodeIgniter\Model->doFindAll(0, 0)
#5 C:\xampp\htdocs\unhi_pemrograman_web_2\pertemuan_10\app\Controllers\User\Beranda.php(14): CodeIgniter\BaseModel->findAll()
#6 C:\xampp\htdocs\unhi_pemrograman_web_2\pertemuan_10\system\CodeIgniter.php(919): App\Controllers\User\Beranda->index()
#7 C:\xampp\htdocs\unhi_pemrograman_web_2\pertemuan_10\system\CodeIgniter.php(494): CodeIgniter\CodeIgniter->runController(Object(App\Controllers\User\Beranda))
#8 C:\xampp\htdocs\unhi_pemrograman_web_2\pertemuan_10\system\CodeIgniter.php(353): CodeIgniter\CodeIgniter->handleRequest(NULL, Object(Config\Cache), false)
#9 C:\xampp\htdocs\unhi_pemrograman_web_2\pertemuan_10\public\index.php(79): CodeIgniter\CodeIgniter->run()
#10 {main}
CRITICAL - 2023-11-24 10:11:33 --> Unable to connect to the database.
Main connection [MySQLi]: No connection could be made because the target machine actively refused it.

in SYSTEMPATH\Database\BaseConnection.php on line 427.
 1 SYSTEMPATH\Database\BaseConnection.php(574): CodeIgniter\Database\BaseConnection->initialize()
 2 SYSTEMPATH\Database\BaseBuilder.php(1615): CodeIgniter\Database\BaseConnection->query('SELECT *
FROM `product`', [], false)
 3 SYSTEMPATH\Model.php(237): CodeIgniter\Database\BaseBuilder->get()
 4 SYSTEMPATH\BaseModel.php(624): CodeIgniter\Model->doFindAll(0, 0)
 5 APPPATH\Controllers\User\Beranda.php(14): CodeIgniter\BaseModel->findAll()
 6 SYSTEMPATH\CodeIgniter.php(919): App\Controllers\User\Beranda->index()
 7 SYSTEMPATH\CodeIgniter.php(494): CodeIgniter\CodeIgniter->runController(Object(App\Controllers\User\Beranda))
 8 SYSTEMPATH\CodeIgniter.php(353): CodeIgniter\CodeIgniter->handleRequest(null, Object(Config\Cache), false)
 9 FCPATH\index.php(79): CodeIgniter\CodeIgniter->run()
ERROR - 2023-11-24 10:13:12 --> Error connecting to the database: mysqli_sql_exception: No connection could be made because the target machine actively refused it.
 in C:\xampp\htdocs\unhi_pemrograman_web_2\pertemuan_10\system\Database\MySQLi\Connection.php:185
Stack trace:
#0 C:\xampp\htdocs\unhi_pemrograman_web_2\pertemuan_10\system\Database\MySQLi\Connection.php(185): mysqli->real_connect('localhost', 'root', 'root', 'ci4', 3306, '', 0)
#1 C:\xampp\htdocs\unhi_pemrograman_web_2\pertemuan_10\system\Database\BaseConnection.php(391): CodeIgniter\Database\MySQLi\Connection->connect(false)
#2 C:\xampp\htdocs\unhi_pemrograman_web_2\pertemuan_10\system\Database\BaseConnection.php(574): CodeIgniter\Database\BaseConnection->initialize()
#3 C:\xampp\htdocs\unhi_pemrograman_web_2\pertemuan_10\system\Database\BaseBuilder.php(1615): CodeIgniter\Database\BaseConnection->query('SELECT *\nFROM `...', Array, false)
#4 C:\xampp\htdocs\unhi_pemrograman_web_2\pertemuan_10\system\Model.php(237): CodeIgniter\Database\BaseBuilder->get()
#5 C:\xampp\htdocs\unhi_pemrograman_web_2\pertemuan_10\system\BaseModel.php(624): CodeIgniter\Model->doFindAll(0, 0)
#6 C:\xampp\htdocs\unhi_pemrograman_web_2\pertemuan_10\app\Controllers\User\Beranda.php(14): CodeIgniter\BaseModel->findAll()
#7 C:\xampp\htdocs\unhi_pemrograman_web_2\pertemuan_10\system\CodeIgniter.php(919): App\Controllers\User\Beranda->index()
#8 C:\xampp\htdocs\unhi_pemrograman_web_2\pertemuan_10\system\CodeIgniter.php(494): CodeIgniter\CodeIgniter->runController(Object(App\Controllers\User\Beranda))
#9 C:\xampp\htdocs\unhi_pemrograman_web_2\pertemuan_10\system\CodeIgniter.php(353): CodeIgniter\CodeIgniter->handleRequest(NULL, Object(Config\Cache), false)
#10 C:\xampp\htdocs\unhi_pemrograman_web_2\pertemuan_10\public\index.php(79): CodeIgniter\CodeIgniter->run()
#11 {main}

Next CodeIgniter\Database\Exceptions\DatabaseException: No connection could be made because the target machine actively refused it.
 in C:\xampp\htdocs\unhi_pemrograman_web_2\pertemuan_10\system\Database\MySQLi\Connection.php:229
Stack trace:
#0 C:\xampp\htdocs\unhi_pemrograman_web_2\pertemuan_10\system\Database\BaseConnection.php(391): CodeIgniter\Database\MySQLi\Connection->connect(false)
#1 C:\xampp\htdocs\unhi_pemrograman_web_2\pertemuan_10\system\Database\BaseConnection.php(574): CodeIgniter\Database\BaseConnection->initialize()
#2 C:\xampp\htdocs\unhi_pemrograman_web_2\pertemuan_10\system\Database\BaseBuilder.php(1615): CodeIgniter\Database\BaseConnection->query('SELECT *\nFROM `...', Array, false)
#3 C:\xampp\htdocs\unhi_pemrograman_web_2\pertemuan_10\system\Model.php(237): CodeIgniter\Database\BaseBuilder->get()
#4 C:\xampp\htdocs\unhi_pemrograman_web_2\pertemuan_10\system\BaseModel.php(624): CodeIgniter\Model->doFindAll(0, 0)
#5 C:\xampp\htdocs\unhi_pemrograman_web_2\pertemuan_10\app\Controllers\User\Beranda.php(14): CodeIgniter\BaseModel->findAll()
#6 C:\xampp\htdocs\unhi_pemrograman_web_2\pertemuan_10\system\CodeIgniter.php(919): App\Controllers\User\Beranda->index()
#7 C:\xampp\htdocs\unhi_pemrograman_web_2\pertemuan_10\system\CodeIgniter.php(494): CodeIgniter\CodeIgniter->runController(Object(App\Controllers\User\Beranda))
#8 C:\xampp\htdocs\unhi_pemrograman_web_2\pertemuan_10\system\CodeIgniter.php(353): CodeIgniter\CodeIgniter->handleRequest(NULL, Object(Config\Cache), false)
#9 C:\xampp\htdocs\unhi_pemrograman_web_2\pertemuan_10\public\index.php(79): CodeIgniter\CodeIgniter->run()
#10 {main}
CRITICAL - 2023-11-24 10:13:12 --> Unable to connect to the database.
Main connection [MySQLi]: No connection could be made because the target machine actively refused it.

in SYSTEMPATH\Database\BaseConnection.php on line 427.
 1 SYSTEMPATH\Database\BaseConnection.php(574): CodeIgniter\Database\BaseConnection->initialize()
 2 SYSTEMPATH\Database\BaseBuilder.php(1615): CodeIgniter\Database\BaseConnection->query('SELECT *
FROM `product`', [], false)
 3 SYSTEMPATH\Model.php(237): CodeIgniter\Database\BaseBuilder->get()
 4 SYSTEMPATH\BaseModel.php(624): CodeIgniter\Model->doFindAll(0, 0)
 5 APPPATH\Controllers\User\Beranda.php(14): CodeIgniter\BaseModel->findAll()
 6 SYSTEMPATH\CodeIgniter.php(919): App\Controllers\User\Beranda->index()
 7 SYSTEMPATH\CodeIgniter.php(494): CodeIgniter\CodeIgniter->runController(Object(App\Controllers\User\Beranda))
 8 SYSTEMPATH\CodeIgniter.php(353): CodeIgniter\CodeIgniter->handleRequest(null, Object(Config\Cache), false)
 9 FCPATH\index.php(79): CodeIgniter\CodeIgniter->run()
