CRITICAL - 2023-11-10 13:08:07 --> Too few arguments to function App\Libraries\Template::tampil_admin(), 1 passed in C:\xampp\htdocs\unhi_pemrograman_web_2\pertemuan_9\app\Controllers\Admin\Dashboard.php on line 12 and exactly 2 expected
in APPPATH\Libraries\Template.php on line 22.
 1 APPPATH\Controllers\Admin\Dashboard.php(12): App\Libraries\Template::tampil_admin('admin/dashboard')
 2 SYSTEMPATH\CodeIgniter.php(919): App\Controllers\Admin\Dashboard->index()
 3 SYSTEMPATH\CodeIgniter.php(494): CodeIgniter\CodeIgniter->runController(Object(App\Controllers\Admin\Dashboard))
 4 SYSTEMPATH\CodeIgniter.php(353): CodeIgniter\CodeIgniter->handleRequest(null, Object(Config\Cache), false)
 5 FCPATH\index.php(79): CodeIgniter\CodeIgniter->run()
CRITICAL - 2023-11-10 13:10:19 --> syntax error, unexpected ':', expecting ')'
in APPPATH\Libraries\Template.php on line 27.
 1 SYSTEMPATH\Autoloader\Autoloader.php(285): CodeIgniter\Autoloader\Autoloader->includeFile('C:\\xampp\\htdocs\\unhi_pemrograman_web_2\\pertemuan_9\\app\\Libraries\\Template.php')
 2 SYSTEMPATH\Autoloader\Autoloader.php(263): CodeIgniter\Autoloader\Autoloader->loadInNamespace('App\\Libraries\\Template')
 3 [internal function]: CodeIgniter\Autoloader\Autoloader->loadClass('App\\Libraries\\Template')
 4 APPPATH\Controllers\Admin\Dashboard.php(12): spl_autoload_call('App\\Libraries\\Template')
 5 SYSTEMPATH\CodeIgniter.php(919): App\Controllers\Admin\Dashboard->index()
 6 SYSTEMPATH\CodeIgniter.php(494): CodeIgniter\CodeIgniter->runController(Object(App\Controllers\Admin\Dashboard))
 7 SYSTEMPATH\CodeIgniter.php(353): CodeIgniter\CodeIgniter->handleRequest(null, Object(Config\Cache), false)
 8 FCPATH\index.php(79): CodeIgniter\CodeIgniter->run()
CRITICAL - 2023-11-10 13:10:20 --> syntax error, unexpected ':', expecting ')'
in APPPATH\Libraries\Template.php on line 27.
 1 SYSTEMPATH\Autoloader\Autoloader.php(285): CodeIgniter\Autoloader\Autoloader->includeFile('C:\\xampp\\htdocs\\unhi_pemrograman_web_2\\pertemuan_9\\app\\Libraries\\Template.php')
 2 SYSTEMPATH\Autoloader\Autoloader.php(263): CodeIgniter\Autoloader\Autoloader->loadInNamespace('App\\Libraries\\Template')
 3 [internal function]: CodeIgniter\Autoloader\Autoloader->loadClass('App\\Libraries\\Template')
 4 APPPATH\Controllers\Admin\Dashboard.php(12): spl_autoload_call('App\\Libraries\\Template')
 5 SYSTEMPATH\CodeIgniter.php(919): App\Controllers\Admin\Dashboard->index()
 6 SYSTEMPATH\CodeIgniter.php(494): CodeIgniter\CodeIgniter->runController(Object(App\Controllers\Admin\Dashboard))
 7 SYSTEMPATH\CodeIgniter.php(353): CodeIgniter\CodeIgniter->handleRequest(null, Object(Config\Cache), false)
 8 FCPATH\index.php(79): CodeIgniter\CodeIgniter->run()
CRITICAL - 2023-11-10 13:10:21 --> syntax error, unexpected ':', expecting ')'
in APPPATH\Libraries\Template.php on line 27.
 1 SYSTEMPATH\Autoloader\Autoloader.php(285): CodeIgniter\Autoloader\Autoloader->includeFile('C:\\xampp\\htdocs\\unhi_pemrograman_web_2\\pertemuan_9\\app\\Libraries\\Template.php')
 2 SYSTEMPATH\Autoloader\Autoloader.php(263): CodeIgniter\Autoloader\Autoloader->loadInNamespace('App\\Libraries\\Template')
 3 [internal function]: CodeIgniter\Autoloader\Autoloader->loadClass('App\\Libraries\\Template')
 4 APPPATH\Controllers\Admin\Dashboard.php(12): spl_autoload_call('App\\Libraries\\Template')
 5 SYSTEMPATH\CodeIgniter.php(919): App\Controllers\Admin\Dashboard->index()
 6 SYSTEMPATH\CodeIgniter.php(494): CodeIgniter\CodeIgniter->runController(Object(App\Controllers\Admin\Dashboard))
 7 SYSTEMPATH\CodeIgniter.php(353): CodeIgniter\CodeIgniter->handleRequest(null, Object(Config\Cache), false)
 8 FCPATH\index.php(79): CodeIgniter\CodeIgniter->run()
CRITICAL - 2023-11-10 13:10:38 --> syntax error, unexpected ':', expecting ')'
in APPPATH\Libraries\Template.php on line 27.
 1 SYSTEMPATH\Autoloader\Autoloader.php(285): CodeIgniter\Autoloader\Autoloader->includeFile('C:\\xampp\\htdocs\\unhi_pemrograman_web_2\\pertemuan_9\\app\\Libraries\\Template.php')
 2 SYSTEMPATH\Autoloader\Autoloader.php(263): CodeIgniter\Autoloader\Autoloader->loadInNamespace('App\\Libraries\\Template')
 3 [internal function]: CodeIgniter\Autoloader\Autoloader->loadClass('App\\Libraries\\Template')
 4 APPPATH\Controllers\Admin\Dashboard.php(12): spl_autoload_call('App\\Libraries\\Template')
 5 SYSTEMPATH\CodeIgniter.php(919): App\Controllers\Admin\Dashboard->index()
 6 SYSTEMPATH\CodeIgniter.php(494): CodeIgniter\CodeIgniter->runController(Object(App\Controllers\Admin\Dashboard))
 7 SYSTEMPATH\CodeIgniter.php(353): CodeIgniter\CodeIgniter->handleRequest(null, Object(Config\Cache), false)
 8 FCPATH\index.php(79): CodeIgniter\CodeIgniter->run()
CRITICAL - 2023-11-10 13:10:59 --> Too few arguments to function App\Libraries\Template::tampil_admin(), 1 passed in C:\xampp\htdocs\unhi_pemrograman_web_2\pertemuan_9\app\Controllers\Admin\Dashboard.php on line 12 and exactly 2 expected
in APPPATH\Libraries\Template.php on line 22.
 1 APPPATH\Controllers\Admin\Dashboard.php(12): App\Libraries\Template::tampil_admin('admin/dashboard')
 2 SYSTEMPATH\CodeIgniter.php(919): App\Controllers\Admin\Dashboard->index()
 3 SYSTEMPATH\CodeIgniter.php(494): CodeIgniter\CodeIgniter->runController(Object(App\Controllers\Admin\Dashboard))
 4 SYSTEMPATH\CodeIgniter.php(353): CodeIgniter\CodeIgniter->handleRequest(null, Object(Config\Cache), false)
 5 FCPATH\index.php(79): CodeIgniter\CodeIgniter->run()
CRITICAL - 2023-11-10 13:11:26 --> Too few arguments to function App\Libraries\Template::tampil_admin(), 1 passed in C:\xampp\htdocs\unhi_pemrograman_web_2\pertemuan_9\app\Controllers\Admin\Dashboard.php on line 12 and exactly 2 expected
in APPPATH\Libraries\Template.php on line 22.
 1 APPPATH\Controllers\Admin\Dashboard.php(12): App\Libraries\Template::tampil_admin('admin/dashboard')
 2 SYSTEMPATH\CodeIgniter.php(919): App\Controllers\Admin\Dashboard->index()
 3 SYSTEMPATH\CodeIgniter.php(494): CodeIgniter\CodeIgniter->runController(Object(App\Controllers\Admin\Dashboard))
 4 SYSTEMPATH\CodeIgniter.php(353): CodeIgniter\CodeIgniter->handleRequest(null, Object(Config\Cache), false)
 5 FCPATH\index.php(79): CodeIgniter\CodeIgniter->run()
CRITICAL - 2023-11-10 13:14:46 --> syntax error, unexpected ':', expecting ')'
in APPPATH\Libraries\Template.php on line 13.
 1 SYSTEMPATH\Autoloader\Autoloader.php(285): CodeIgniter\Autoloader\Autoloader->includeFile('C:\\xampp\\htdocs\\unhi_pemrograman_web_2\\pertemuan_9\\app\\Libraries\\Template.php')
 2 SYSTEMPATH\Autoloader\Autoloader.php(263): CodeIgniter\Autoloader\Autoloader->loadInNamespace('App\\Libraries\\Template')
 3 [internal function]: CodeIgniter\Autoloader\Autoloader->loadClass('App\\Libraries\\Template')
 4 APPPATH\Controllers\Admin\Dashboard.php(12): spl_autoload_call('App\\Libraries\\Template')
 5 SYSTEMPATH\CodeIgniter.php(919): App\Controllers\Admin\Dashboard->index()
 6 SYSTEMPATH\CodeIgniter.php(494): CodeIgniter\CodeIgniter->runController(Object(App\Controllers\Admin\Dashboard))
 7 SYSTEMPATH\CodeIgniter.php(353): CodeIgniter\CodeIgniter->handleRequest(null, Object(Config\Cache), false)
 8 FCPATH\index.php(79): CodeIgniter\CodeIgniter->run()
CRITICAL - 2023-11-10 13:15:05 --> syntax error, unexpected ':', expecting ')'
in APPPATH\Libraries\Template.php on line 13.
 1 SYSTEMPATH\Autoloader\Autoloader.php(285): CodeIgniter\Autoloader\Autoloader->includeFile('C:\\xampp\\htdocs\\unhi_pemrograman_web_2\\pertemuan_9\\app\\Libraries\\Template.php')
 2 SYSTEMPATH\Autoloader\Autoloader.php(263): CodeIgniter\Autoloader\Autoloader->loadInNamespace('App\\Libraries\\Template')
 3 [internal function]: CodeIgniter\Autoloader\Autoloader->loadClass('App\\Libraries\\Template')
 4 APPPATH\Controllers\Admin\Dashboard.php(12): spl_autoload_call('App\\Libraries\\Template')
 5 SYSTEMPATH\CodeIgniter.php(919): App\Controllers\Admin\Dashboard->index()
 6 SYSTEMPATH\CodeIgniter.php(494): CodeIgniter\CodeIgniter->runController(Object(App\Controllers\Admin\Dashboard))
 7 SYSTEMPATH\CodeIgniter.php(353): CodeIgniter\CodeIgniter->handleRequest(null, Object(Config\Cache), false)
 8 FCPATH\index.php(79): CodeIgniter\CodeIgniter->run()
CRITICAL - 2023-11-10 13:15:06 --> syntax error, unexpected ':', expecting ')'
in APPPATH\Libraries\Template.php on line 13.
 1 SYSTEMPATH\Autoloader\Autoloader.php(285): CodeIgniter\Autoloader\Autoloader->includeFile('C:\\xampp\\htdocs\\unhi_pemrograman_web_2\\pertemuan_9\\app\\Libraries\\Template.php')
 2 SYSTEMPATH\Autoloader\Autoloader.php(263): CodeIgniter\Autoloader\Autoloader->loadInNamespace('App\\Libraries\\Template')
 3 [internal function]: CodeIgniter\Autoloader\Autoloader->loadClass('App\\Libraries\\Template')
 4 APPPATH\Controllers\Admin\Dashboard.php(12): spl_autoload_call('App\\Libraries\\Template')
 5 SYSTEMPATH\CodeIgniter.php(919): App\Controllers\Admin\Dashboard->index()
 6 SYSTEMPATH\CodeIgniter.php(494): CodeIgniter\CodeIgniter->runController(Object(App\Controllers\Admin\Dashboard))
 7 SYSTEMPATH\CodeIgniter.php(353): CodeIgniter\CodeIgniter->handleRequest(null, Object(Config\Cache), false)
 8 FCPATH\index.php(79): CodeIgniter\CodeIgniter->run()
CRITICAL - 2023-11-10 13:15:07 --> syntax error, unexpected ':', expecting ')'
in APPPATH\Libraries\Template.php on line 13.
 1 SYSTEMPATH\Autoloader\Autoloader.php(285): CodeIgniter\Autoloader\Autoloader->includeFile('C:\\xampp\\htdocs\\unhi_pemrograman_web_2\\pertemuan_9\\app\\Libraries\\Template.php')
 2 SYSTEMPATH\Autoloader\Autoloader.php(263): CodeIgniter\Autoloader\Autoloader->loadInNamespace('App\\Libraries\\Template')
 3 [internal function]: CodeIgniter\Autoloader\Autoloader->loadClass('App\\Libraries\\Template')
 4 APPPATH\Controllers\Admin\Dashboard.php(12): spl_autoload_call('App\\Libraries\\Template')
 5 SYSTEMPATH\CodeIgniter.php(919): App\Controllers\Admin\Dashboard->index()
 6 SYSTEMPATH\CodeIgniter.php(494): CodeIgniter\CodeIgniter->runController(Object(App\Controllers\Admin\Dashboard))
 7 SYSTEMPATH\CodeIgniter.php(353): CodeIgniter\CodeIgniter->handleRequest(null, Object(Config\Cache), false)
 8 FCPATH\index.php(79): CodeIgniter\CodeIgniter->run()
CRITICAL - 2023-11-10 13:15:43 --> syntax error, unexpected ':', expecting ')'
in APPPATH\Libraries\Template.php on line 13.
 1 SYSTEMPATH\Autoloader\Autoloader.php(285): CodeIgniter\Autoloader\Autoloader->includeFile('C:\\xampp\\htdocs\\unhi_pemrograman_web_2\\pertemuan_9\\app\\Libraries\\Template.php')
 2 SYSTEMPATH\Autoloader\Autoloader.php(263): CodeIgniter\Autoloader\Autoloader->loadInNamespace('App\\Libraries\\Template')
 3 [internal function]: CodeIgniter\Autoloader\Autoloader->loadClass('App\\Libraries\\Template')
 4 APPPATH\Controllers\Admin\Dashboard.php(12): spl_autoload_call('App\\Libraries\\Template')
 5 SYSTEMPATH\CodeIgniter.php(919): App\Controllers\Admin\Dashboard->index()
 6 SYSTEMPATH\CodeIgniter.php(494): CodeIgniter\CodeIgniter->runController(Object(App\Controllers\Admin\Dashboard))
 7 SYSTEMPATH\CodeIgniter.php(353): CodeIgniter\CodeIgniter->handleRequest(null, Object(Config\Cache), false)
 8 FCPATH\index.php(79): CodeIgniter\CodeIgniter->run()
CRITICAL - 2023-11-10 13:16:51 --> syntax error, unexpected ':', expecting ')'
in APPPATH\Libraries\Template.php on line 13.
 1 SYSTEMPATH\Autoloader\Autoloader.php(285): CodeIgniter\Autoloader\Autoloader->includeFile('C:\\xampp\\htdocs\\unhi_pemrograman_web_2\\pertemuan_9\\app\\Libraries\\Template.php')
 2 SYSTEMPATH\Autoloader\Autoloader.php(263): CodeIgniter\Autoloader\Autoloader->loadInNamespace('App\\Libraries\\Template')
 3 [internal function]: CodeIgniter\Autoloader\Autoloader->loadClass('App\\Libraries\\Template')
 4 APPPATH\Controllers\Admin\Dashboard.php(12): spl_autoload_call('App\\Libraries\\Template')
 5 SYSTEMPATH\CodeIgniter.php(919): App\Controllers\Admin\Dashboard->index()
 6 SYSTEMPATH\CodeIgniter.php(494): CodeIgniter\CodeIgniter->runController(Object(App\Controllers\Admin\Dashboard))
 7 SYSTEMPATH\CodeIgniter.php(353): CodeIgniter\CodeIgniter->handleRequest(null, Object(Config\Cache), false)
 8 FCPATH\index.php(79): CodeIgniter\CodeIgniter->run()
CRITICAL - 2023-11-10 13:16:52 --> syntax error, unexpected ':', expecting ')'
in APPPATH\Libraries\Template.php on line 13.
 1 SYSTEMPATH\Autoloader\Autoloader.php(285): CodeIgniter\Autoloader\Autoloader->includeFile('C:\\xampp\\htdocs\\unhi_pemrograman_web_2\\pertemuan_9\\app\\Libraries\\Template.php')
 2 SYSTEMPATH\Autoloader\Autoloader.php(263): CodeIgniter\Autoloader\Autoloader->loadInNamespace('App\\Libraries\\Template')
 3 [internal function]: CodeIgniter\Autoloader\Autoloader->loadClass('App\\Libraries\\Template')
 4 APPPATH\Controllers\Admin\Dashboard.php(12): spl_autoload_call('App\\Libraries\\Template')
 5 SYSTEMPATH\CodeIgniter.php(919): App\Controllers\Admin\Dashboard->index()
 6 SYSTEMPATH\CodeIgniter.php(494): CodeIgniter\CodeIgniter->runController(Object(App\Controllers\Admin\Dashboard))
 7 SYSTEMPATH\CodeIgniter.php(353): CodeIgniter\CodeIgniter->handleRequest(null, Object(Config\Cache), false)
 8 FCPATH\index.php(79): CodeIgniter\CodeIgniter->run()
CRITICAL - 2023-11-10 13:20:29 --> Too few arguments to function App\Libraries\Template::tampil_admin(), 1 passed in C:\xampp\htdocs\unhi_pemrograman_web_2\pertemuan_9\app\Controllers\Admin\Dashboard.php on line 12 and exactly 2 expected
in APPPATH\Libraries\Template.php on line 23.
 1 APPPATH\Controllers\Admin\Dashboard.php(12): App\Libraries\Template::tampil_admin('admin/dashboard')
 2 SYSTEMPATH\CodeIgniter.php(919): App\Controllers\Admin\Dashboard->index()
 3 SYSTEMPATH\CodeIgniter.php(494): CodeIgniter\CodeIgniter->runController(Object(App\Controllers\Admin\Dashboard))
 4 SYSTEMPATH\CodeIgniter.php(353): CodeIgniter\CodeIgniter->handleRequest(null, Object(Config\Cache), false)
 5 FCPATH\index.php(79): CodeIgniter\CodeIgniter->run()
CRITICAL - 2023-11-10 13:22:48 --> Too few arguments to function App\Libraries\Template::tampil_admin(), 1 passed in C:\xampp\htdocs\unhi_pemrograman_web_2\pertemuan_9\app\Controllers\Admin\Dashboard.php on line 12 and exactly 2 expected
in APPPATH\Libraries\Template.php on line 24.
 1 APPPATH\Controllers\Admin\Dashboard.php(12): App\Libraries\Template::tampil_admin('admin/dashboard')
 2 SYSTEMPATH\CodeIgniter.php(919): App\Controllers\Admin\Dashboard->index()
 3 SYSTEMPATH\CodeIgniter.php(494): CodeIgniter\CodeIgniter->runController(Object(App\Controllers\Admin\Dashboard))
 4 SYSTEMPATH\CodeIgniter.php(353): CodeIgniter\CodeIgniter->handleRequest(null, Object(Config\Cache), false)
 5 FCPATH\index.php(79): CodeIgniter\CodeIgniter->run()
CRITICAL - 2023-11-10 13:22:49 --> Too few arguments to function App\Libraries\Template::tampil_admin(), 1 passed in C:\xampp\htdocs\unhi_pemrograman_web_2\pertemuan_9\app\Controllers\Admin\Dashboard.php on line 12 and exactly 2 expected
in APPPATH\Libraries\Template.php on line 24.
 1 APPPATH\Controllers\Admin\Dashboard.php(12): App\Libraries\Template::tampil_admin('admin/dashboard')
 2 SYSTEMPATH\CodeIgniter.php(919): App\Controllers\Admin\Dashboard->index()
 3 SYSTEMPATH\CodeIgniter.php(494): CodeIgniter\CodeIgniter->runController(Object(App\Controllers\Admin\Dashboard))
 4 SYSTEMPATH\CodeIgniter.php(353): CodeIgniter\CodeIgniter->handleRequest(null, Object(Config\Cache), false)
 5 FCPATH\index.php(79): CodeIgniter\CodeIgniter->run()
CRITICAL - 2023-11-10 13:22:49 --> Too few arguments to function App\Libraries\Template::tampil_admin(), 1 passed in C:\xampp\htdocs\unhi_pemrograman_web_2\pertemuan_9\app\Controllers\Admin\Dashboard.php on line 12 and exactly 2 expected
in APPPATH\Libraries\Template.php on line 24.
 1 APPPATH\Controllers\Admin\Dashboard.php(12): App\Libraries\Template::tampil_admin('admin/dashboard')
 2 SYSTEMPATH\CodeIgniter.php(919): App\Controllers\Admin\Dashboard->index()
 3 SYSTEMPATH\CodeIgniter.php(494): CodeIgniter\CodeIgniter->runController(Object(App\Controllers\Admin\Dashboard))
 4 SYSTEMPATH\CodeIgniter.php(353): CodeIgniter\CodeIgniter->handleRequest(null, Object(Config\Cache), false)
 5 FCPATH\index.php(79): CodeIgniter\CodeIgniter->run()
CRITICAL - 2023-11-10 13:26:23 --> Too few arguments to function App\Libraries\Template::tampil_admin(), 1 passed in C:\xampp\htdocs\unhi_pemrograman_web_2\pertemuan_9\app\Controllers\Admin\Dashboard.php on line 13 and exactly 2 expected
in APPPATH\Libraries\Template.php on line 24.
 1 APPPATH\Controllers\Admin\Dashboard.php(13): App\Libraries\Template::tampil_admin('admin/dashboard')
 2 SYSTEMPATH\CodeIgniter.php(919): App\Controllers\Admin\Dashboard->index()
 3 SYSTEMPATH\CodeIgniter.php(494): CodeIgniter\CodeIgniter->runController(Object(App\Controllers\Admin\Dashboard))
 4 SYSTEMPATH\CodeIgniter.php(353): CodeIgniter\CodeIgniter->handleRequest(null, Object(Config\Cache), false)
 5 FCPATH\index.php(79): CodeIgniter\CodeIgniter->run()
CRITICAL - 2023-11-10 13:26:24 --> Too few arguments to function App\Libraries\Template::tampil_admin(), 1 passed in C:\xampp\htdocs\unhi_pemrograman_web_2\pertemuan_9\app\Controllers\Admin\Dashboard.php on line 13 and exactly 2 expected
in APPPATH\Libraries\Template.php on line 24.
 1 APPPATH\Controllers\Admin\Dashboard.php(13): App\Libraries\Template::tampil_admin('admin/dashboard')
 2 SYSTEMPATH\CodeIgniter.php(919): App\Controllers\Admin\Dashboard->index()
 3 SYSTEMPATH\CodeIgniter.php(494): CodeIgniter\CodeIgniter->runController(Object(App\Controllers\Admin\Dashboard))
 4 SYSTEMPATH\CodeIgniter.php(353): CodeIgniter\CodeIgniter->handleRequest(null, Object(Config\Cache), false)
 5 FCPATH\index.php(79): CodeIgniter\CodeIgniter->run()
CRITICAL - 2023-11-10 13:27:55 --> Too few arguments to function App\Libraries\Template::tampil_admin(), 1 passed in C:\xampp\htdocs\unhi_pemrograman_web_2\pertemuan_9\app\Controllers\Admin\Dashboard.php on line 13 and exactly 2 expected
in APPPATH\Libraries\Template.php on line 24.
 1 APPPATH\Controllers\Admin\Dashboard.php(13): App\Libraries\Template::tampil_admin('admin/dashboard')
 2 SYSTEMPATH\CodeIgniter.php(919): App\Controllers\Admin\Dashboard->index()
 3 SYSTEMPATH\CodeIgniter.php(494): CodeIgniter\CodeIgniter->runController(Object(App\Controllers\Admin\Dashboard))
 4 SYSTEMPATH\CodeIgniter.php(353): CodeIgniter\CodeIgniter->handleRequest(null, Object(Config\Cache), false)
 5 FCPATH\index.php(79): CodeIgniter\CodeIgniter->run()
