ERROR - 2023-11-28 03:53:55 --> mysqli_sql_exception: MySQL server has gone away in C:\xampp\htdocs\unhi_pemrograman_web_2\pertemuan_11\system\Database\MySQLi\Connection.php:306
Stack trace:
#0 C:\xampp\htdocs\unhi_pemrograman_web_2\pertemuan_11\system\Database\MySQLi\Connection.php(306): mysqli->query('INSERT INTO `pr...', 0)
#1 C:\xampp\htdocs\unhi_pemrograman_web_2\pertemuan_11\system\Database\BaseConnection.php(692): CodeIgniter\Database\MySQLi\Connection->execute('INSERT INTO `pr...')
#2 C:\xampp\htdocs\unhi_pemrograman_web_2\pertemuan_11\system\Database\BaseConnection.php(606): CodeIgniter\Database\BaseConnection->simpleQuery('INSERT INTO `pr...')
#3 C:\xampp\htdocs\unhi_pemrograman_web_2\pertemuan_11\system\Database\BaseBuilder.php(2308): CodeIgniter\Database\BaseConnection->query('INSERT INTO `pr...', Array, false)
#4 C:\xampp\htdocs\unhi_pemrograman_web_2\pertemuan_11\system\Model.php(319): CodeIgniter\Database\BaseBuilder->insert()
#5 C:\xampp\htdocs\unhi_pemrograman_web_2\pertemuan_11\system\BaseModel.php(788): CodeIgniter\Model->doInsert(Array)
#6 C:\xampp\htdocs\unhi_pemrograman_web_2\pertemuan_11\system\Model.php(715): CodeIgniter\BaseModel->insert(Array, true)
#7 C:\xampp\htdocs\unhi_pemrograman_web_2\pertemuan_11\app\Controllers\Admin\Produk.php(51): CodeIgniter\Model->insert(Array)
#8 C:\xampp\htdocs\unhi_pemrograman_web_2\pertemuan_11\system\CodeIgniter.php(919): App\Controllers\Admin\Produk->insert()
#9 C:\xampp\htdocs\unhi_pemrograman_web_2\pertemuan_11\system\CodeIgniter.php(494): CodeIgniter\CodeIgniter->runController(Object(App\Controllers\Admin\Produk))
#10 C:\xampp\htdocs\unhi_pemrograman_web_2\pertemuan_11\system\CodeIgniter.php(353): CodeIgniter\CodeIgniter->handleRequest(NULL, Object(Config\Cache), false)
#11 C:\xampp\htdocs\unhi_pemrograman_web_2\pertemuan_11\public\index.php(79): CodeIgniter\CodeIgniter->run()
#12 {main}
CRITICAL - 2023-11-28 03:53:55 --> MySQL server has gone away
in SYSTEMPATH\Database\BaseConnection.php on line 646.
 1 SYSTEMPATH\Database\BaseBuilder.php(2308): CodeIgniter\Database\BaseConnection->query('INSERT INTO `product` (`product_name`, `product_price`, `product_description`) VALUES (:product_name:, :product_price:, :product_description:)', [...], false)
 2 SYSTEMPATH\Model.php(319): CodeIgniter\Database\BaseBuilder->insert()
 3 SYSTEMPATH\BaseModel.php(788): CodeIgniter\Model->doInsert([...])
 4 SYSTEMPATH\Model.php(715): CodeIgniter\BaseModel->insert([...], true)
 5 APPPATH\Controllers\Admin\Produk.php(51): CodeIgniter\Model->insert([...])
 6 SYSTEMPATH\CodeIgniter.php(919): App\Controllers\Admin\Produk->insert()
 7 SYSTEMPATH\CodeIgniter.php(494): CodeIgniter\CodeIgniter->runController(Object(App\Controllers\Admin\Produk))
 8 SYSTEMPATH\CodeIgniter.php(353): CodeIgniter\CodeIgniter->handleRequest(null, Object(Config\Cache), false)
 9 FCPATH\index.php(79): CodeIgniter\CodeIgniter->run()
ERROR - 2023-11-28 03:54:43 --> Error connecting to the database: mysqli_sql_exception: No connection could be made because the target machine actively refused it.
 in C:\xampp\htdocs\unhi_pemrograman_web_2\pertemuan_11\system\Database\MySQLi\Connection.php:185
Stack trace:
#0 C:\xampp\htdocs\unhi_pemrograman_web_2\pertemuan_11\system\Database\MySQLi\Connection.php(185): mysqli->real_connect('localhost', 'root', '', 'unhi_pemrograma...', 3306, '', 0)
#1 C:\xampp\htdocs\unhi_pemrograman_web_2\pertemuan_11\system\Database\BaseConnection.php(391): CodeIgniter\Database\MySQLi\Connection->connect(false)
#2 C:\xampp\htdocs\unhi_pemrograman_web_2\pertemuan_11\system\Database\BaseConnection.php(574): CodeIgniter\Database\BaseConnection->initialize()
#3 C:\xampp\htdocs\unhi_pemrograman_web_2\pertemuan_11\system\Database\BaseBuilder.php(2308): CodeIgniter\Database\BaseConnection->query('INSERT INTO `pr...', Array, false)
#4 C:\xampp\htdocs\unhi_pemrograman_web_2\pertemuan_11\system\Model.php(319): CodeIgniter\Database\BaseBuilder->insert()
#5 C:\xampp\htdocs\unhi_pemrograman_web_2\pertemuan_11\system\BaseModel.php(788): CodeIgniter\Model->doInsert(Array)
#6 C:\xampp\htdocs\unhi_pemrograman_web_2\pertemuan_11\system\Model.php(715): CodeIgniter\BaseModel->insert(Array, true)
#7 C:\xampp\htdocs\unhi_pemrograman_web_2\pertemuan_11\app\Controllers\Admin\Produk.php(51): CodeIgniter\Model->insert(Array)
#8 C:\xampp\htdocs\unhi_pemrograman_web_2\pertemuan_11\system\CodeIgniter.php(919): App\Controllers\Admin\Produk->insert()
#9 C:\xampp\htdocs\unhi_pemrograman_web_2\pertemuan_11\system\CodeIgniter.php(494): CodeIgniter\CodeIgniter->runController(Object(App\Controllers\Admin\Produk))
#10 C:\xampp\htdocs\unhi_pemrograman_web_2\pertemuan_11\system\CodeIgniter.php(353): CodeIgniter\CodeIgniter->handleRequest(NULL, Object(Config\Cache), false)
#11 C:\xampp\htdocs\unhi_pemrograman_web_2\pertemuan_11\public\index.php(79): CodeIgniter\CodeIgniter->run()
#12 {main}

Next CodeIgniter\Database\Exceptions\DatabaseException: No connection could be made because the target machine actively refused it.
 in C:\xampp\htdocs\unhi_pemrograman_web_2\pertemuan_11\system\Database\MySQLi\Connection.php:229
Stack trace:
#0 C:\xampp\htdocs\unhi_pemrograman_web_2\pertemuan_11\system\Database\BaseConnection.php(391): CodeIgniter\Database\MySQLi\Connection->connect(false)
#1 C:\xampp\htdocs\unhi_pemrograman_web_2\pertemuan_11\system\Database\BaseConnection.php(574): CodeIgniter\Database\BaseConnection->initialize()
#2 C:\xampp\htdocs\unhi_pemrograman_web_2\pertemuan_11\system\Database\BaseBuilder.php(2308): CodeIgniter\Database\BaseConnection->query('INSERT INTO `pr...', Array, false)
#3 C:\xampp\htdocs\unhi_pemrograman_web_2\pertemuan_11\system\Model.php(319): CodeIgniter\Database\BaseBuilder->insert()
#4 C:\xampp\htdocs\unhi_pemrograman_web_2\pertemuan_11\system\BaseModel.php(788): CodeIgniter\Model->doInsert(Array)
#5 C:\xampp\htdocs\unhi_pemrograman_web_2\pertemuan_11\system\Model.php(715): CodeIgniter\BaseModel->insert(Array, true)
#6 C:\xampp\htdocs\unhi_pemrograman_web_2\pertemuan_11\app\Controllers\Admin\Produk.php(51): CodeIgniter\Model->insert(Array)
#7 C:\xampp\htdocs\unhi_pemrograman_web_2\pertemuan_11\system\CodeIgniter.php(919): App\Controllers\Admin\Produk->insert()
#8 C:\xampp\htdocs\unhi_pemrograman_web_2\pertemuan_11\system\CodeIgniter.php(494): CodeIgniter\CodeIgniter->runController(Object(App\Controllers\Admin\Produk))
#9 C:\xampp\htdocs\unhi_pemrograman_web_2\pertemuan_11\system\CodeIgniter.php(353): CodeIgniter\CodeIgniter->handleRequest(NULL, Object(Config\Cache), false)
#10 C:\xampp\htdocs\unhi_pemrograman_web_2\pertemuan_11\public\index.php(79): CodeIgniter\CodeIgniter->run()
#11 {main}
CRITICAL - 2023-11-28 03:54:43 --> Unable to connect to the database.
Main connection [MySQLi]: No connection could be made because the target machine actively refused it.

in SYSTEMPATH\Database\BaseConnection.php on line 427.
 1 SYSTEMPATH\Database\BaseConnection.php(574): CodeIgniter\Database\BaseConnection->initialize()
 2 SYSTEMPATH\Database\BaseBuilder.php(2308): CodeIgniter\Database\BaseConnection->query('INSERT INTO `product` (`product_name`, `product_price`, `product_description`) VALUES (:product_name:, :product_price:, :product_description:)', [...], false)
 3 SYSTEMPATH\Model.php(319): CodeIgniter\Database\BaseBuilder->insert()
 4 SYSTEMPATH\BaseModel.php(788): CodeIgniter\Model->doInsert([...])
 5 SYSTEMPATH\Model.php(715): CodeIgniter\BaseModel->insert([...], true)
 6 APPPATH\Controllers\Admin\Produk.php(51): CodeIgniter\Model->insert([...])
 7 SYSTEMPATH\CodeIgniter.php(919): App\Controllers\Admin\Produk->insert()
 8 SYSTEMPATH\CodeIgniter.php(494): CodeIgniter\CodeIgniter->runController(Object(App\Controllers\Admin\Produk))
 9 SYSTEMPATH\CodeIgniter.php(353): CodeIgniter\CodeIgniter->handleRequest(null, Object(Config\Cache), false)
10 FCPATH\index.php(79): CodeIgniter\CodeIgniter->run()
ERROR - 2023-11-28 03:54:52 --> Error connecting to the database: mysqli_sql_exception: No connection could be made because the target machine actively refused it.
 in C:\xampp\htdocs\unhi_pemrograman_web_2\pertemuan_11\system\Database\MySQLi\Connection.php:185
Stack trace:
#0 C:\xampp\htdocs\unhi_pemrograman_web_2\pertemuan_11\system\Database\MySQLi\Connection.php(185): mysqli->real_connect('localhost', 'root', '', 'unhi_pemrograma...', 3306, '', 0)
#1 C:\xampp\htdocs\unhi_pemrograman_web_2\pertemuan_11\system\Database\BaseConnection.php(391): CodeIgniter\Database\MySQLi\Connection->connect(false)
#2 C:\xampp\htdocs\unhi_pemrograman_web_2\pertemuan_11\system\Database\BaseConnection.php(574): CodeIgniter\Database\BaseConnection->initialize()
#3 C:\xampp\htdocs\unhi_pemrograman_web_2\pertemuan_11\system\Database\BaseBuilder.php(1615): CodeIgniter\Database\BaseConnection->query('SELECT *\nFROM `...', Array, false)
#4 C:\xampp\htdocs\unhi_pemrograman_web_2\pertemuan_11\system\Model.php(237): CodeIgniter\Database\BaseBuilder->get()
#5 C:\xampp\htdocs\unhi_pemrograman_web_2\pertemuan_11\system\BaseModel.php(624): CodeIgniter\Model->doFindAll(0, 0)
#6 C:\xampp\htdocs\unhi_pemrograman_web_2\pertemuan_11\app\Controllers\Admin\Produk.php(23): CodeIgniter\BaseModel->findAll()
#7 C:\xampp\htdocs\unhi_pemrograman_web_2\pertemuan_11\system\CodeIgniter.php(919): App\Controllers\Admin\Produk->index()
#8 C:\xampp\htdocs\unhi_pemrograman_web_2\pertemuan_11\system\CodeIgniter.php(494): CodeIgniter\CodeIgniter->runController(Object(App\Controllers\Admin\Produk))
#9 C:\xampp\htdocs\unhi_pemrograman_web_2\pertemuan_11\system\CodeIgniter.php(353): CodeIgniter\CodeIgniter->handleRequest(NULL, Object(Config\Cache), false)
#10 C:\xampp\htdocs\unhi_pemrograman_web_2\pertemuan_11\public\index.php(79): CodeIgniter\CodeIgniter->run()
#11 {main}

Next CodeIgniter\Database\Exceptions\DatabaseException: No connection could be made because the target machine actively refused it.
 in C:\xampp\htdocs\unhi_pemrograman_web_2\pertemuan_11\system\Database\MySQLi\Connection.php:229
Stack trace:
#0 C:\xampp\htdocs\unhi_pemrograman_web_2\pertemuan_11\system\Database\BaseConnection.php(391): CodeIgniter\Database\MySQLi\Connection->connect(false)
#1 C:\xampp\htdocs\unhi_pemrograman_web_2\pertemuan_11\system\Database\BaseConnection.php(574): CodeIgniter\Database\BaseConnection->initialize()
#2 C:\xampp\htdocs\unhi_pemrograman_web_2\pertemuan_11\system\Database\BaseBuilder.php(1615): CodeIgniter\Database\BaseConnection->query('SELECT *\nFROM `...', Array, false)
#3 C:\xampp\htdocs\unhi_pemrograman_web_2\pertemuan_11\system\Model.php(237): CodeIgniter\Database\BaseBuilder->get()
#4 C:\xampp\htdocs\unhi_pemrograman_web_2\pertemuan_11\system\BaseModel.php(624): CodeIgniter\Model->doFindAll(0, 0)
#5 C:\xampp\htdocs\unhi_pemrograman_web_2\pertemuan_11\app\Controllers\Admin\Produk.php(23): CodeIgniter\BaseModel->findAll()
#6 C:\xampp\htdocs\unhi_pemrograman_web_2\pertemuan_11\system\CodeIgniter.php(919): App\Controllers\Admin\Produk->index()
#7 C:\xampp\htdocs\unhi_pemrograman_web_2\pertemuan_11\system\CodeIgniter.php(494): CodeIgniter\CodeIgniter->runController(Object(App\Controllers\Admin\Produk))
#8 C:\xampp\htdocs\unhi_pemrograman_web_2\pertemuan_11\system\CodeIgniter.php(353): CodeIgniter\CodeIgniter->handleRequest(NULL, Object(Config\Cache), false)
#9 C:\xampp\htdocs\unhi_pemrograman_web_2\pertemuan_11\public\index.php(79): CodeIgniter\CodeIgniter->run()
#10 {main}
CRITICAL - 2023-11-28 03:54:52 --> Unable to connect to the database.
Main connection [MySQLi]: No connection could be made because the target machine actively refused it.

in SYSTEMPATH\Database\BaseConnection.php on line 427.
 1 SYSTEMPATH\Database\BaseConnection.php(574): CodeIgniter\Database\BaseConnection->initialize()
 2 SYSTEMPATH\Database\BaseBuilder.php(1615): CodeIgniter\Database\BaseConnection->query('SELECT *
FROM `product`', [], false)
 3 SYSTEMPATH\Model.php(237): CodeIgniter\Database\BaseBuilder->get()
 4 SYSTEMPATH\BaseModel.php(624): CodeIgniter\Model->doFindAll(0, 0)
 5 APPPATH\Controllers\Admin\Produk.php(23): CodeIgniter\BaseModel->findAll()
 6 SYSTEMPATH\CodeIgniter.php(919): App\Controllers\Admin\Produk->index()
 7 SYSTEMPATH\CodeIgniter.php(494): CodeIgniter\CodeIgniter->runController(Object(App\Controllers\Admin\Produk))
 8 SYSTEMPATH\CodeIgniter.php(353): CodeIgniter\CodeIgniter->handleRequest(null, Object(Config\Cache), false)
 9 FCPATH\index.php(79): CodeIgniter\CodeIgniter->run()
ERROR - 2023-11-28 03:56:21 --> Error connecting to the database: mysqli_sql_exception: No connection could be made because the target machine actively refused it.
 in C:\xampp\htdocs\unhi_pemrograman_web_2\pertemuan_11\system\Database\MySQLi\Connection.php:185
Stack trace:
#0 C:\xampp\htdocs\unhi_pemrograman_web_2\pertemuan_11\system\Database\MySQLi\Connection.php(185): mysqli->real_connect('localhost', 'root', '', 'unhi_pemrograma...', 3306, '', 0)
#1 C:\xampp\htdocs\unhi_pemrograman_web_2\pertemuan_11\system\Database\BaseConnection.php(391): CodeIgniter\Database\MySQLi\Connection->connect(false)
#2 C:\xampp\htdocs\unhi_pemrograman_web_2\pertemuan_11\system\Database\BaseConnection.php(574): CodeIgniter\Database\BaseConnection->initialize()
#3 C:\xampp\htdocs\unhi_pemrograman_web_2\pertemuan_11\system\Database\BaseBuilder.php(1615): CodeIgniter\Database\BaseConnection->query('SELECT *\nFROM `...', Array, false)
#4 C:\xampp\htdocs\unhi_pemrograman_web_2\pertemuan_11\system\Model.php(237): CodeIgniter\Database\BaseBuilder->get()
#5 C:\xampp\htdocs\unhi_pemrograman_web_2\pertemuan_11\system\BaseModel.php(624): CodeIgniter\Model->doFindAll(0, 0)
#6 C:\xampp\htdocs\unhi_pemrograman_web_2\pertemuan_11\app\Controllers\Admin\Produk.php(23): CodeIgniter\BaseModel->findAll()
#7 C:\xampp\htdocs\unhi_pemrograman_web_2\pertemuan_11\system\CodeIgniter.php(919): App\Controllers\Admin\Produk->index()
#8 C:\xampp\htdocs\unhi_pemrograman_web_2\pertemuan_11\system\CodeIgniter.php(494): CodeIgniter\CodeIgniter->runController(Object(App\Controllers\Admin\Produk))
#9 C:\xampp\htdocs\unhi_pemrograman_web_2\pertemuan_11\system\CodeIgniter.php(353): CodeIgniter\CodeIgniter->handleRequest(NULL, Object(Config\Cache), false)
#10 C:\xampp\htdocs\unhi_pemrograman_web_2\pertemuan_11\public\index.php(79): CodeIgniter\CodeIgniter->run()
#11 {main}

Next CodeIgniter\Database\Exceptions\DatabaseException: No connection could be made because the target machine actively refused it.
 in C:\xampp\htdocs\unhi_pemrograman_web_2\pertemuan_11\system\Database\MySQLi\Connection.php:229
Stack trace:
#0 C:\xampp\htdocs\unhi_pemrograman_web_2\pertemuan_11\system\Database\BaseConnection.php(391): CodeIgniter\Database\MySQLi\Connection->connect(false)
#1 C:\xampp\htdocs\unhi_pemrograman_web_2\pertemuan_11\system\Database\BaseConnection.php(574): CodeIgniter\Database\BaseConnection->initialize()
#2 C:\xampp\htdocs\unhi_pemrograman_web_2\pertemuan_11\system\Database\BaseBuilder.php(1615): CodeIgniter\Database\BaseConnection->query('SELECT *\nFROM `...', Array, false)
#3 C:\xampp\htdocs\unhi_pemrograman_web_2\pertemuan_11\system\Model.php(237): CodeIgniter\Database\BaseBuilder->get()
#4 C:\xampp\htdocs\unhi_pemrograman_web_2\pertemuan_11\system\BaseModel.php(624): CodeIgniter\Model->doFindAll(0, 0)
#5 C:\xampp\htdocs\unhi_pemrograman_web_2\pertemuan_11\app\Controllers\Admin\Produk.php(23): CodeIgniter\BaseModel->findAll()
#6 C:\xampp\htdocs\unhi_pemrograman_web_2\pertemuan_11\system\CodeIgniter.php(919): App\Controllers\Admin\Produk->index()
#7 C:\xampp\htdocs\unhi_pemrograman_web_2\pertemuan_11\system\CodeIgniter.php(494): CodeIgniter\CodeIgniter->runController(Object(App\Controllers\Admin\Produk))
#8 C:\xampp\htdocs\unhi_pemrograman_web_2\pertemuan_11\system\CodeIgniter.php(353): CodeIgniter\CodeIgniter->handleRequest(NULL, Object(Config\Cache), false)
#9 C:\xampp\htdocs\unhi_pemrograman_web_2\pertemuan_11\public\index.php(79): CodeIgniter\CodeIgniter->run()
#10 {main}
CRITICAL - 2023-11-28 03:56:21 --> Unable to connect to the database.
Main connection [MySQLi]: No connection could be made because the target machine actively refused it.

in SYSTEMPATH\Database\BaseConnection.php on line 427.
 1 SYSTEMPATH\Database\BaseConnection.php(574): CodeIgniter\Database\BaseConnection->initialize()
 2 SYSTEMPATH\Database\BaseBuilder.php(1615): CodeIgniter\Database\BaseConnection->query('SELECT *
FROM `product`', [], false)
 3 SYSTEMPATH\Model.php(237): CodeIgniter\Database\BaseBuilder->get()
 4 SYSTEMPATH\BaseModel.php(624): CodeIgniter\Model->doFindAll(0, 0)
 5 APPPATH\Controllers\Admin\Produk.php(23): CodeIgniter\BaseModel->findAll()
 6 SYSTEMPATH\CodeIgniter.php(919): App\Controllers\Admin\Produk->index()
 7 SYSTEMPATH\CodeIgniter.php(494): CodeIgniter\CodeIgniter->runController(Object(App\Controllers\Admin\Produk))
 8 SYSTEMPATH\CodeIgniter.php(353): CodeIgniter\CodeIgniter->handleRequest(null, Object(Config\Cache), false)
 9 FCPATH\index.php(79): CodeIgniter\CodeIgniter->run()
ERROR - 2023-11-28 03:56:33 --> Error connecting to the database: mysqli_sql_exception: No connection could be made because the target machine actively refused it.
 in C:\xampp\htdocs\unhi_pemrograman_web_2\pertemuan_11\system\Database\MySQLi\Connection.php:185
Stack trace:
#0 C:\xampp\htdocs\unhi_pemrograman_web_2\pertemuan_11\system\Database\MySQLi\Connection.php(185): mysqli->real_connect('localhost', 'root', '', 'unhi_pemrograma...', 3306, '', 0)
#1 C:\xampp\htdocs\unhi_pemrograman_web_2\pertemuan_11\system\Database\BaseConnection.php(391): CodeIgniter\Database\MySQLi\Connection->connect(false)
#2 C:\xampp\htdocs\unhi_pemrograman_web_2\pertemuan_11\system\Database\BaseConnection.php(574): CodeIgniter\Database\BaseConnection->initialize()
#3 C:\xampp\htdocs\unhi_pemrograman_web_2\pertemuan_11\system\Database\BaseBuilder.php(1615): CodeIgniter\Database\BaseConnection->query('SELECT *\nFROM `...', Array, false)
#4 C:\xampp\htdocs\unhi_pemrograman_web_2\pertemuan_11\system\Model.php(237): CodeIgniter\Database\BaseBuilder->get()
#5 C:\xampp\htdocs\unhi_pemrograman_web_2\pertemuan_11\system\BaseModel.php(624): CodeIgniter\Model->doFindAll(0, 0)
#6 C:\xampp\htdocs\unhi_pemrograman_web_2\pertemuan_11\app\Controllers\Admin\Produk.php(23): CodeIgniter\BaseModel->findAll()
#7 C:\xampp\htdocs\unhi_pemrograman_web_2\pertemuan_11\system\CodeIgniter.php(919): App\Controllers\Admin\Produk->index()
#8 C:\xampp\htdocs\unhi_pemrograman_web_2\pertemuan_11\system\CodeIgniter.php(494): CodeIgniter\CodeIgniter->runController(Object(App\Controllers\Admin\Produk))
#9 C:\xampp\htdocs\unhi_pemrograman_web_2\pertemuan_11\system\CodeIgniter.php(353): CodeIgniter\CodeIgniter->handleRequest(NULL, Object(Config\Cache), false)
#10 C:\xampp\htdocs\unhi_pemrograman_web_2\pertemuan_11\public\index.php(79): CodeIgniter\CodeIgniter->run()
#11 {main}

Next CodeIgniter\Database\Exceptions\DatabaseException: No connection could be made because the target machine actively refused it.
 in C:\xampp\htdocs\unhi_pemrograman_web_2\pertemuan_11\system\Database\MySQLi\Connection.php:229
Stack trace:
#0 C:\xampp\htdocs\unhi_pemrograman_web_2\pertemuan_11\system\Database\BaseConnection.php(391): CodeIgniter\Database\MySQLi\Connection->connect(false)
#1 C:\xampp\htdocs\unhi_pemrograman_web_2\pertemuan_11\system\Database\BaseConnection.php(574): CodeIgniter\Database\BaseConnection->initialize()
#2 C:\xampp\htdocs\unhi_pemrograman_web_2\pertemuan_11\system\Database\BaseBuilder.php(1615): CodeIgniter\Database\BaseConnection->query('SELECT *\nFROM `...', Array, false)
#3 C:\xampp\htdocs\unhi_pemrograman_web_2\pertemuan_11\system\Model.php(237): CodeIgniter\Database\BaseBuilder->get()
#4 C:\xampp\htdocs\unhi_pemrograman_web_2\pertemuan_11\system\BaseModel.php(624): CodeIgniter\Model->doFindAll(0, 0)
#5 C:\xampp\htdocs\unhi_pemrograman_web_2\pertemuan_11\app\Controllers\Admin\Produk.php(23): CodeIgniter\BaseModel->findAll()
#6 C:\xampp\htdocs\unhi_pemrograman_web_2\pertemuan_11\system\CodeIgniter.php(919): App\Controllers\Admin\Produk->index()
#7 C:\xampp\htdocs\unhi_pemrograman_web_2\pertemuan_11\system\CodeIgniter.php(494): CodeIgniter\CodeIgniter->runController(Object(App\Controllers\Admin\Produk))
#8 C:\xampp\htdocs\unhi_pemrograman_web_2\pertemuan_11\system\CodeIgniter.php(353): CodeIgniter\CodeIgniter->handleRequest(NULL, Object(Config\Cache), false)
#9 C:\xampp\htdocs\unhi_pemrograman_web_2\pertemuan_11\public\index.php(79): CodeIgniter\CodeIgniter->run()
#10 {main}
CRITICAL - 2023-11-28 03:56:33 --> Unable to connect to the database.
Main connection [MySQLi]: No connection could be made because the target machine actively refused it.

in SYSTEMPATH\Database\BaseConnection.php on line 427.
 1 SYSTEMPATH\Database\BaseConnection.php(574): CodeIgniter\Database\BaseConnection->initialize()
 2 SYSTEMPATH\Database\BaseBuilder.php(1615): CodeIgniter\Database\BaseConnection->query('SELECT *
FROM `product`', [], false)
 3 SYSTEMPATH\Model.php(237): CodeIgniter\Database\BaseBuilder->get()
 4 SYSTEMPATH\BaseModel.php(624): CodeIgniter\Model->doFindAll(0, 0)
 5 APPPATH\Controllers\Admin\Produk.php(23): CodeIgniter\BaseModel->findAll()
 6 SYSTEMPATH\CodeIgniter.php(919): App\Controllers\Admin\Produk->index()
 7 SYSTEMPATH\CodeIgniter.php(494): CodeIgniter\CodeIgniter->runController(Object(App\Controllers\Admin\Produk))
 8 SYSTEMPATH\CodeIgniter.php(353): CodeIgniter\CodeIgniter->handleRequest(null, Object(Config\Cache), false)
 9 FCPATH\index.php(79): CodeIgniter\CodeIgniter->run()
ERROR - 2023-11-28 03:57:32 --> Error connecting to the database: mysqli_sql_exception: No connection could be made because the target machine actively refused it.
 in C:\xampp\htdocs\unhi_pemrograman_web_2\pertemuan_11\system\Database\MySQLi\Connection.php:185
Stack trace:
#0 C:\xampp\htdocs\unhi_pemrograman_web_2\pertemuan_11\system\Database\MySQLi\Connection.php(185): mysqli->real_connect('localhost', 'root', '', 'unhi_pemrograma...', 3306, '', 0)
#1 C:\xampp\htdocs\unhi_pemrograman_web_2\pertemuan_11\system\Database\BaseConnection.php(391): CodeIgniter\Database\MySQLi\Connection->connect(false)
#2 C:\xampp\htdocs\unhi_pemrograman_web_2\pertemuan_11\system\Database\BaseConnection.php(574): CodeIgniter\Database\BaseConnection->initialize()
#3 C:\xampp\htdocs\unhi_pemrograman_web_2\pertemuan_11\system\Database\BaseBuilder.php(1615): CodeIgniter\Database\BaseConnection->query('SELECT *\nFROM `...', Array, false)
#4 C:\xampp\htdocs\unhi_pemrograman_web_2\pertemuan_11\system\Model.php(237): CodeIgniter\Database\BaseBuilder->get()
#5 C:\xampp\htdocs\unhi_pemrograman_web_2\pertemuan_11\system\BaseModel.php(624): CodeIgniter\Model->doFindAll(0, 0)
#6 C:\xampp\htdocs\unhi_pemrograman_web_2\pertemuan_11\app\Controllers\Admin\Produk.php(23): CodeIgniter\BaseModel->findAll()
#7 C:\xampp\htdocs\unhi_pemrograman_web_2\pertemuan_11\system\CodeIgniter.php(919): App\Controllers\Admin\Produk->index()
#8 C:\xampp\htdocs\unhi_pemrograman_web_2\pertemuan_11\system\CodeIgniter.php(494): CodeIgniter\CodeIgniter->runController(Object(App\Controllers\Admin\Produk))
#9 C:\xampp\htdocs\unhi_pemrograman_web_2\pertemuan_11\system\CodeIgniter.php(353): CodeIgniter\CodeIgniter->handleRequest(NULL, Object(Config\Cache), false)
#10 C:\xampp\htdocs\unhi_pemrograman_web_2\pertemuan_11\public\index.php(79): CodeIgniter\CodeIgniter->run()
#11 {main}

Next CodeIgniter\Database\Exceptions\DatabaseException: No connection could be made because the target machine actively refused it.
 in C:\xampp\htdocs\unhi_pemrograman_web_2\pertemuan_11\system\Database\MySQLi\Connection.php:229
Stack trace:
#0 C:\xampp\htdocs\unhi_pemrograman_web_2\pertemuan_11\system\Database\BaseConnection.php(391): CodeIgniter\Database\MySQLi\Connection->connect(false)
#1 C:\xampp\htdocs\unhi_pemrograman_web_2\pertemuan_11\system\Database\BaseConnection.php(574): CodeIgniter\Database\BaseConnection->initialize()
#2 C:\xampp\htdocs\unhi_pemrograman_web_2\pertemuan_11\system\Database\BaseBuilder.php(1615): CodeIgniter\Database\BaseConnection->query('SELECT *\nFROM `...', Array, false)
#3 C:\xampp\htdocs\unhi_pemrograman_web_2\pertemuan_11\system\Model.php(237): CodeIgniter\Database\BaseBuilder->get()
#4 C:\xampp\htdocs\unhi_pemrograman_web_2\pertemuan_11\system\BaseModel.php(624): CodeIgniter\Model->doFindAll(0, 0)
#5 C:\xampp\htdocs\unhi_pemrograman_web_2\pertemuan_11\app\Controllers\Admin\Produk.php(23): CodeIgniter\BaseModel->findAll()
#6 C:\xampp\htdocs\unhi_pemrograman_web_2\pertemuan_11\system\CodeIgniter.php(919): App\Controllers\Admin\Produk->index()
#7 C:\xampp\htdocs\unhi_pemrograman_web_2\pertemuan_11\system\CodeIgniter.php(494): CodeIgniter\CodeIgniter->runController(Object(App\Controllers\Admin\Produk))
#8 C:\xampp\htdocs\unhi_pemrograman_web_2\pertemuan_11\system\CodeIgniter.php(353): CodeIgniter\CodeIgniter->handleRequest(NULL, Object(Config\Cache), false)
#9 C:\xampp\htdocs\unhi_pemrograman_web_2\pertemuan_11\public\index.php(79): CodeIgniter\CodeIgniter->run()
#10 {main}
CRITICAL - 2023-11-28 03:57:32 --> Unable to connect to the database.
Main connection [MySQLi]: No connection could be made because the target machine actively refused it.

in SYSTEMPATH\Database\BaseConnection.php on line 427.
 1 SYSTEMPATH\Database\BaseConnection.php(574): CodeIgniter\Database\BaseConnection->initialize()
 2 SYSTEMPATH\Database\BaseBuilder.php(1615): CodeIgniter\Database\BaseConnection->query('SELECT *
FROM `product`', [], false)
 3 SYSTEMPATH\Model.php(237): CodeIgniter\Database\BaseBuilder->get()
 4 SYSTEMPATH\BaseModel.php(624): CodeIgniter\Model->doFindAll(0, 0)
 5 APPPATH\Controllers\Admin\Produk.php(23): CodeIgniter\BaseModel->findAll()
 6 SYSTEMPATH\CodeIgniter.php(919): App\Controllers\Admin\Produk->index()
 7 SYSTEMPATH\CodeIgniter.php(494): CodeIgniter\CodeIgniter->runController(Object(App\Controllers\Admin\Produk))
 8 SYSTEMPATH\CodeIgniter.php(353): CodeIgniter\CodeIgniter->handleRequest(null, Object(Config\Cache), false)
 9 FCPATH\index.php(79): CodeIgniter\CodeIgniter->run()
