CRITICAL - 2023-12-04 05:07:20 --> Trying to access array offset on value of type null
in APPPATH\Views\admin\produk_edit.php on line 15.
 1 APPPATH\Views\admin\produk_edit.php(15): CodeIgniter\Debug\Exceptions->errorHandler(8, 'Trying to access array offset on value of type null', 'C:\\xampp\\htdocs\\unhi_pemrograman_web_2\\pertemuan_12\\app\\Views\\admin\\produk_edit.php', 15, [...])
 2 SYSTEMPATH\View\View.php(226): include('C:\\xampp\\htdocs\\unhi_pemrograman_web_2\\pertemuan_12\\app\\Views\\admin\\produk_edit.php')
 3 SYSTEMPATH\View\View.php(229): CodeIgniter\View\View->CodeIgniter\View\{closure}()
 4 SYSTEMPATH\Common.php(1188): CodeIgniter\View\View->render('admin/produk_edit', [], true)
 5 APPPATH\Libraries\Template.php(29): view('admin/produk_edit', [...])
 6 APPPATH\Controllers\Admin\Produk.php(72): App\Libraries\Template::tampil_Admin('admin/produk_edit', [...])
 7 SYSTEMPATH\CodeIgniter.php(919): App\Controllers\Admin\Produk->edit('main.js')
 8 SYSTEMPATH\CodeIgniter.php(494): CodeIgniter\CodeIgniter->runController(Object(App\Controllers\Admin\Produk))
 9 SYSTEMPATH\CodeIgniter.php(353): CodeIgniter\CodeIgniter->handleRequest(null, Object(Config\Cache), false)
10 FCPATH\index.php(79): CodeIgniter\CodeIgniter->run()
CRITICAL - 2023-12-04 05:07:24 --> Trying to access array offset on value of type null
in APPPATH\Views\admin\produk_edit.php on line 15.
 1 APPPATH\Views\admin\produk_edit.php(15): CodeIgniter\Debug\Exceptions->errorHandler(8, 'Trying to access array offset on value of type null', 'C:\\xampp\\htdocs\\unhi_pemrograman_web_2\\pertemuan_12\\app\\Views\\admin\\produk_edit.php', 15, [...])
 2 SYSTEMPATH\View\View.php(226): include('C:\\xampp\\htdocs\\unhi_pemrograman_web_2\\pertemuan_12\\app\\Views\\admin\\produk_edit.php')
 3 SYSTEMPATH\View\View.php(229): CodeIgniter\View\View->CodeIgniter\View\{closure}()
 4 SYSTEMPATH\Common.php(1188): CodeIgniter\View\View->render('admin/produk_edit', [], true)
 5 APPPATH\Libraries\Template.php(29): view('admin/produk_edit', [...])
 6 APPPATH\Controllers\Admin\Produk.php(72): App\Libraries\Template::tampil_Admin('admin/produk_edit', [...])
 7 SYSTEMPATH\CodeIgniter.php(919): App\Controllers\Admin\Produk->edit('main.js')
 8 SYSTEMPATH\CodeIgniter.php(494): CodeIgniter\CodeIgniter->runController(Object(App\Controllers\Admin\Produk))
 9 SYSTEMPATH\CodeIgniter.php(353): CodeIgniter\CodeIgniter->handleRequest(null, Object(Config\Cache), false)
10 FCPATH\index.php(79): CodeIgniter\CodeIgniter->run()
CRITICAL - 2023-12-04 05:08:57 --> Trying to access array offset on value of type null
in APPPATH\Views\admin\produk_edit.php on line 15.
 1 APPPATH\Views\admin\produk_edit.php(15): CodeIgniter\Debug\Exceptions->errorHandler(8, 'Trying to access array offset on value of type null', 'C:\\xampp\\htdocs\\unhi_pemrograman_web_2\\pertemuan_12\\app\\Views\\admin\\produk_edit.php', 15, [...])
 2 SYSTEMPATH\View\View.php(226): include('C:\\xampp\\htdocs\\unhi_pemrograman_web_2\\pertemuan_12\\app\\Views\\admin\\produk_edit.php')
 3 SYSTEMPATH\View\View.php(229): CodeIgniter\View\View->CodeIgniter\View\{closure}()
 4 SYSTEMPATH\Common.php(1188): CodeIgniter\View\View->render('admin/produk_edit', [], true)
 5 APPPATH\Libraries\Template.php(29): view('admin/produk_edit', [...])
 6 APPPATH\Controllers\Admin\Produk.php(72): App\Libraries\Template::tampil_Admin('admin/produk_edit', [...])
 7 SYSTEMPATH\CodeIgniter.php(919): App\Controllers\Admin\Produk->edit('main.js')
 8 SYSTEMPATH\CodeIgniter.php(494): CodeIgniter\CodeIgniter->runController(Object(App\Controllers\Admin\Produk))
 9 SYSTEMPATH\CodeIgniter.php(353): CodeIgniter\CodeIgniter->handleRequest(null, Object(Config\Cache), false)
10 FCPATH\index.php(79): CodeIgniter\CodeIgniter->run()
CRITICAL - 2023-12-04 05:10:20 --> Trying to access array offset on value of type null
in APPPATH\Views\admin\produk_edit.php on line 15.
 1 APPPATH\Views\admin\produk_edit.php(15): CodeIgniter\Debug\Exceptions->errorHandler(8, 'Trying to access array offset on value of type null', 'C:\\xampp\\htdocs\\unhi_pemrograman_web_2\\pertemuan_12\\app\\Views\\admin\\produk_edit.php', 15, [...])
 2 SYSTEMPATH\View\View.php(226): include('C:\\xampp\\htdocs\\unhi_pemrograman_web_2\\pertemuan_12\\app\\Views\\admin\\produk_edit.php')
 3 SYSTEMPATH\View\View.php(229): CodeIgniter\View\View->CodeIgniter\View\{closure}()
 4 SYSTEMPATH\Common.php(1188): CodeIgniter\View\View->render('admin/produk_edit', [], true)
 5 APPPATH\Libraries\Template.php(29): view('admin/produk_edit', [...])
 6 APPPATH\Controllers\Admin\Produk.php(72): App\Libraries\Template::tampil_Admin('admin/produk_edit', [...])
 7 SYSTEMPATH\CodeIgniter.php(919): App\Controllers\Admin\Produk->edit('main.js')
 8 SYSTEMPATH\CodeIgniter.php(494): CodeIgniter\CodeIgniter->runController(Object(App\Controllers\Admin\Produk))
 9 SYSTEMPATH\CodeIgniter.php(353): CodeIgniter\CodeIgniter->handleRequest(null, Object(Config\Cache), false)
10 FCPATH\index.php(79): CodeIgniter\CodeIgniter->run()
CRITICAL - 2023-12-04 05:11:51 --> Undefined index: price
in APPPATH\Views\admin\produk_edit.php on line 20.
 1 APPPATH\Views\admin\produk_edit.php(20): CodeIgniter\Debug\Exceptions->errorHandler(8, 'Undefined index: price', 'C:\\xampp\\htdocs\\unhi_pemrograman_web_2\\pertemuan_12\\app\\Views\\admin\\produk_edit.php', 20, [...])
 2 SYSTEMPATH\View\View.php(226): include('C:\\xampp\\htdocs\\unhi_pemrograman_web_2\\pertemuan_12\\app\\Views\\admin\\produk_edit.php')
 3 SYSTEMPATH\View\View.php(229): CodeIgniter\View\View->CodeIgniter\View\{closure}()
 4 SYSTEMPATH\Common.php(1188): CodeIgniter\View\View->render('admin/produk_edit', [], true)
 5 APPPATH\Libraries\Template.php(29): view('admin/produk_edit', [...])
 6 APPPATH\Controllers\Admin\Produk.php(72): App\Libraries\Template::tampil_Admin('admin/produk_edit', [...])
 7 SYSTEMPATH\CodeIgniter.php(919): App\Controllers\Admin\Produk->edit('1')
 8 SYSTEMPATH\CodeIgniter.php(494): CodeIgniter\CodeIgniter->runController(Object(App\Controllers\Admin\Produk))
 9 SYSTEMPATH\CodeIgniter.php(353): CodeIgniter\CodeIgniter->handleRequest(null, Object(Config\Cache), false)
10 FCPATH\index.php(79): CodeIgniter\CodeIgniter->run()
CRITICAL - 2023-12-04 05:12:37 --> Trying to access array offset on value of type null
in APPPATH\Views\admin\produk_edit.php on line 15.
 1 APPPATH\Views\admin\produk_edit.php(15): CodeIgniter\Debug\Exceptions->errorHandler(8, 'Trying to access array offset on value of type null', 'C:\\xampp\\htdocs\\unhi_pemrograman_web_2\\pertemuan_12\\app\\Views\\admin\\produk_edit.php', 15, [...])
 2 SYSTEMPATH\View\View.php(226): include('C:\\xampp\\htdocs\\unhi_pemrograman_web_2\\pertemuan_12\\app\\Views\\admin\\produk_edit.php')
 3 SYSTEMPATH\View\View.php(229): CodeIgniter\View\View->CodeIgniter\View\{closure}()
 4 SYSTEMPATH\Common.php(1188): CodeIgniter\View\View->render('admin/produk_edit', [], true)
 5 APPPATH\Libraries\Template.php(29): view('admin/produk_edit', [...])
 6 APPPATH\Controllers\Admin\Produk.php(72): App\Libraries\Template::tampil_Admin('admin/produk_edit', [...])
 7 SYSTEMPATH\CodeIgniter.php(919): App\Controllers\Admin\Produk->edit('main.js')
 8 SYSTEMPATH\CodeIgniter.php(494): CodeIgniter\CodeIgniter->runController(Object(App\Controllers\Admin\Produk))
 9 SYSTEMPATH\CodeIgniter.php(353): CodeIgniter\CodeIgniter->handleRequest(null, Object(Config\Cache), false)
10 FCPATH\index.php(79): CodeIgniter\CodeIgniter->run()
CRITICAL - 2023-12-04 05:23:30 --> Trying to access array offset on value of type null
in APPPATH\Views\admin\produk_edit.php on line 15.
 1 APPPATH\Views\admin\produk_edit.php(15): CodeIgniter\Debug\Exceptions->errorHandler(8, 'Trying to access array offset on value of type null', 'C:\\xampp\\htdocs\\unhi_pemrograman_web_2\\pertemuan_12\\app\\Views\\admin\\produk_edit.php', 15, [...])
 2 SYSTEMPATH\View\View.php(226): include('C:\\xampp\\htdocs\\unhi_pemrograman_web_2\\pertemuan_12\\app\\Views\\admin\\produk_edit.php')
 3 SYSTEMPATH\View\View.php(229): CodeIgniter\View\View->CodeIgniter\View\{closure}()
 4 SYSTEMPATH\Common.php(1188): CodeIgniter\View\View->render('admin/produk_edit', [], true)
 5 APPPATH\Libraries\Template.php(29): view('admin/produk_edit', [...])
 6 APPPATH\Controllers\Admin\Produk.php(72): App\Libraries\Template::tampil_Admin('admin/produk_edit', [...])
 7 SYSTEMPATH\CodeIgniter.php(919): App\Controllers\Admin\Produk->edit('main.js')
 8 SYSTEMPATH\CodeIgniter.php(494): CodeIgniter\CodeIgniter->runController(Object(App\Controllers\Admin\Produk))
 9 SYSTEMPATH\CodeIgniter.php(353): CodeIgniter\CodeIgniter->handleRequest(null, Object(Config\Cache), false)
10 FCPATH\index.php(79): CodeIgniter\CodeIgniter->run()
CRITICAL - 2023-12-04 05:23:33 --> Trying to access array offset on value of type null
in APPPATH\Views\admin\produk_edit.php on line 15.
 1 APPPATH\Views\admin\produk_edit.php(15): CodeIgniter\Debug\Exceptions->errorHandler(8, 'Trying to access array offset on value of type null', 'C:\\xampp\\htdocs\\unhi_pemrograman_web_2\\pertemuan_12\\app\\Views\\admin\\produk_edit.php', 15, [...])
 2 SYSTEMPATH\View\View.php(226): include('C:\\xampp\\htdocs\\unhi_pemrograman_web_2\\pertemuan_12\\app\\Views\\admin\\produk_edit.php')
 3 SYSTEMPATH\View\View.php(229): CodeIgniter\View\View->CodeIgniter\View\{closure}()
 4 SYSTEMPATH\Common.php(1188): CodeIgniter\View\View->render('admin/produk_edit', [], true)
 5 APPPATH\Libraries\Template.php(29): view('admin/produk_edit', [...])
 6 APPPATH\Controllers\Admin\Produk.php(72): App\Libraries\Template::tampil_Admin('admin/produk_edit', [...])
 7 SYSTEMPATH\CodeIgniter.php(919): App\Controllers\Admin\Produk->edit('main.js')
 8 SYSTEMPATH\CodeIgniter.php(494): CodeIgniter\CodeIgniter->runController(Object(App\Controllers\Admin\Produk))
 9 SYSTEMPATH\CodeIgniter.php(353): CodeIgniter\CodeIgniter->handleRequest(null, Object(Config\Cache), false)
10 FCPATH\index.php(79): CodeIgniter\CodeIgniter->run()
CRITICAL - 2023-12-04 05:47:23 --> Trying to access array offset on value of type null
in APPPATH\Views\admin\produk_edit.php on line 15.
 1 APPPATH\Views\admin\produk_edit.php(15): CodeIgniter\Debug\Exceptions->errorHandler(8, 'Trying to access array offset on value of type null', 'C:\\xampp\\htdocs\\unhi_pemrograman_web_2\\pertemuan_12\\app\\Views\\admin\\produk_edit.php', 15, [...])
 2 SYSTEMPATH\View\View.php(226): include('C:\\xampp\\htdocs\\unhi_pemrograman_web_2\\pertemuan_12\\app\\Views\\admin\\produk_edit.php')
 3 SYSTEMPATH\View\View.php(229): CodeIgniter\View\View->CodeIgniter\View\{closure}()
 4 SYSTEMPATH\Common.php(1188): CodeIgniter\View\View->render('admin/produk_edit', [], true)
 5 APPPATH\Libraries\Template.php(29): view('admin/produk_edit', [...])
 6 APPPATH\Controllers\Admin\Produk.php(72): App\Libraries\Template::tampil_Admin('admin/produk_edit', [...])
 7 SYSTEMPATH\CodeIgniter.php(919): App\Controllers\Admin\Produk->edit('main.js')
 8 SYSTEMPATH\CodeIgniter.php(494): CodeIgniter\CodeIgniter->runController(Object(App\Controllers\Admin\Produk))
 9 SYSTEMPATH\CodeIgniter.php(353): CodeIgniter\CodeIgniter->handleRequest(null, Object(Config\Cache), false)
10 FCPATH\index.php(79): CodeIgniter\CodeIgniter->run()
CRITICAL - 2023-12-04 05:48:52 --> Trying to access array offset on value of type null
in APPPATH\Views\admin\produk_edit.php on line 15.
 1 APPPATH\Views\admin\produk_edit.php(15): CodeIgniter\Debug\Exceptions->errorHandler(8, 'Trying to access array offset on value of type null', 'C:\\xampp\\htdocs\\unhi_pemrograman_web_2\\pertemuan_12\\app\\Views\\admin\\produk_edit.php', 15, [...])
 2 SYSTEMPATH\View\View.php(226): include('C:\\xampp\\htdocs\\unhi_pemrograman_web_2\\pertemuan_12\\app\\Views\\admin\\produk_edit.php')
 3 SYSTEMPATH\View\View.php(229): CodeIgniter\View\View->CodeIgniter\View\{closure}()
 4 SYSTEMPATH\Common.php(1188): CodeIgniter\View\View->render('admin/produk_edit', [], true)
 5 APPPATH\Libraries\Template.php(29): view('admin/produk_edit', [...])
 6 APPPATH\Controllers\Admin\Produk.php(72): App\Libraries\Template::tampil_Admin('admin/produk_edit', [...])
 7 SYSTEMPATH\CodeIgniter.php(919): App\Controllers\Admin\Produk->edit('main.js')
 8 SYSTEMPATH\CodeIgniter.php(494): CodeIgniter\CodeIgniter->runController(Object(App\Controllers\Admin\Produk))
 9 SYSTEMPATH\CodeIgniter.php(353): CodeIgniter\CodeIgniter->handleRequest(null, Object(Config\Cache), false)
10 FCPATH\index.php(79): CodeIgniter\CodeIgniter->run()
CRITICAL - 2023-12-04 05:49:25 --> Trying to access array offset on value of type null
in APPPATH\Views\admin\produk_edit.php on line 15.
 1 APPPATH\Views\admin\produk_edit.php(15): CodeIgniter\Debug\Exceptions->errorHandler(8, 'Trying to access array offset on value of type null', 'C:\\xampp\\htdocs\\unhi_pemrograman_web_2\\pertemuan_12\\app\\Views\\admin\\produk_edit.php', 15, [...])
 2 SYSTEMPATH\View\View.php(226): include('C:\\xampp\\htdocs\\unhi_pemrograman_web_2\\pertemuan_12\\app\\Views\\admin\\produk_edit.php')
 3 SYSTEMPATH\View\View.php(229): CodeIgniter\View\View->CodeIgniter\View\{closure}()
 4 SYSTEMPATH\Common.php(1188): CodeIgniter\View\View->render('admin/produk_edit', [], true)
 5 APPPATH\Libraries\Template.php(29): view('admin/produk_edit', [...])
 6 APPPATH\Controllers\Admin\Produk.php(72): App\Libraries\Template::tampil_Admin('admin/produk_edit', [...])
 7 SYSTEMPATH\CodeIgniter.php(919): App\Controllers\Admin\Produk->edit('main.js')
 8 SYSTEMPATH\CodeIgniter.php(494): CodeIgniter\CodeIgniter->runController(Object(App\Controllers\Admin\Produk))
 9 SYSTEMPATH\CodeIgniter.php(353): CodeIgniter\CodeIgniter->handleRequest(null, Object(Config\Cache), false)
10 FCPATH\index.php(79): CodeIgniter\CodeIgniter->run()
CRITICAL - 2023-12-04 05:50:28 --> Trying to access array offset on value of type null
in APPPATH\Views\admin\produk_edit.php on line 15.
 1 APPPATH\Views\admin\produk_edit.php(15): CodeIgniter\Debug\Exceptions->errorHandler(8, 'Trying to access array offset on value of type null', 'C:\\xampp\\htdocs\\unhi_pemrograman_web_2\\pertemuan_12\\app\\Views\\admin\\produk_edit.php', 15, [...])
 2 SYSTEMPATH\View\View.php(226): include('C:\\xampp\\htdocs\\unhi_pemrograman_web_2\\pertemuan_12\\app\\Views\\admin\\produk_edit.php')
 3 SYSTEMPATH\View\View.php(229): CodeIgniter\View\View->CodeIgniter\View\{closure}()
 4 SYSTEMPATH\Common.php(1188): CodeIgniter\View\View->render('admin/produk_edit', [], true)
 5 APPPATH\Libraries\Template.php(29): view('admin/produk_edit', [...])
 6 APPPATH\Controllers\Admin\Produk.php(72): App\Libraries\Template::tampil_Admin('admin/produk_edit', [...])
 7 SYSTEMPATH\CodeIgniter.php(919): App\Controllers\Admin\Produk->edit('main.js')
 8 SYSTEMPATH\CodeIgniter.php(494): CodeIgniter\CodeIgniter->runController(Object(App\Controllers\Admin\Produk))
 9 SYSTEMPATH\CodeIgniter.php(353): CodeIgniter\CodeIgniter->handleRequest(null, Object(Config\Cache), false)
10 FCPATH\index.php(79): CodeIgniter\CodeIgniter->run()
CRITICAL - 2023-12-04 06:00:10 --> Trying to access array offset on value of type null
in APPPATH\Views\admin\produk_edit.php on line 11.
 1 APPPATH\Views\admin\produk_edit.php(11): CodeIgniter\Debug\Exceptions->errorHandler(8, 'Trying to access array offset on value of type null', 'C:\\xampp\\htdocs\\unhi_pemrograman_web_2\\pertemuan_12\\app\\Views\\admin\\produk_edit.php', 11, [...])
 2 SYSTEMPATH\View\View.php(226): include('C:\\xampp\\htdocs\\unhi_pemrograman_web_2\\pertemuan_12\\app\\Views\\admin\\produk_edit.php')
 3 SYSTEMPATH\View\View.php(229): CodeIgniter\View\View->CodeIgniter\View\{closure}()
 4 SYSTEMPATH\Common.php(1188): CodeIgniter\View\View->render('admin/produk_edit', [], true)
 5 APPPATH\Libraries\Template.php(29): view('admin/produk_edit', [...])
 6 APPPATH\Controllers\Admin\Produk.php(72): App\Libraries\Template::tampil_Admin('admin/produk_edit', [...])
 7 SYSTEMPATH\CodeIgniter.php(919): App\Controllers\Admin\Produk->edit('main.js')
 8 SYSTEMPATH\CodeIgniter.php(494): CodeIgniter\CodeIgniter->runController(Object(App\Controllers\Admin\Produk))
 9 SYSTEMPATH\CodeIgniter.php(353): CodeIgniter\CodeIgniter->handleRequest(null, Object(Config\Cache), false)
10 FCPATH\index.php(79): CodeIgniter\CodeIgniter->run()
CRITICAL - 2023-12-04 06:00:28 --> There is no data to update.
in SYSTEMPATH\BaseModel.php on line 1724.
 1 SYSTEMPATH\BaseModel.php(1724): CodeIgniter\Database\Exceptions\DataException::forEmptyDataset('update')
 2 SYSTEMPATH\BaseModel.php(916): CodeIgniter\BaseModel->transformDataToArray(null, 'update')
 3 SYSTEMPATH\Model.php(776): CodeIgniter\BaseModel->update([...], null)
 4 APPPATH\Controllers\Admin\Produk.php(88): CodeIgniter\Model->update([...])
 5 SYSTEMPATH\CodeIgniter.php(919): App\Controllers\Admin\Produk->update('19')
 6 SYSTEMPATH\CodeIgniter.php(494): CodeIgniter\CodeIgniter->runController(Object(App\Controllers\Admin\Produk))
 7 SYSTEMPATH\CodeIgniter.php(353): CodeIgniter\CodeIgniter->handleRequest(null, Object(Config\Cache), false)
 8 FCPATH\index.php(79): CodeIgniter\CodeIgniter->run()
CRITICAL - 2023-12-04 06:00:31 --> Trying to access array offset on value of type null
in APPPATH\Views\admin\produk_edit.php on line 11.
 1 APPPATH\Views\admin\produk_edit.php(11): CodeIgniter\Debug\Exceptions->errorHandler(8, 'Trying to access array offset on value of type null', 'C:\\xampp\\htdocs\\unhi_pemrograman_web_2\\pertemuan_12\\app\\Views\\admin\\produk_edit.php', 11, [...])
 2 SYSTEMPATH\View\View.php(226): include('C:\\xampp\\htdocs\\unhi_pemrograman_web_2\\pertemuan_12\\app\\Views\\admin\\produk_edit.php')
 3 SYSTEMPATH\View\View.php(229): CodeIgniter\View\View->CodeIgniter\View\{closure}()
 4 SYSTEMPATH\Common.php(1188): CodeIgniter\View\View->render('admin/produk_edit', [], true)
 5 APPPATH\Libraries\Template.php(29): view('admin/produk_edit', [...])
 6 APPPATH\Controllers\Admin\Produk.php(72): App\Libraries\Template::tampil_Admin('admin/produk_edit', [...])
 7 SYSTEMPATH\CodeIgniter.php(919): App\Controllers\Admin\Produk->edit('main.js')
 8 SYSTEMPATH\CodeIgniter.php(494): CodeIgniter\CodeIgniter->runController(Object(App\Controllers\Admin\Produk))
 9 SYSTEMPATH\CodeIgniter.php(353): CodeIgniter\CodeIgniter->handleRequest(null, Object(Config\Cache), false)
10 FCPATH\index.php(79): CodeIgniter\CodeIgniter->run()
CRITICAL - 2023-12-04 06:00:54 --> Trying to access array offset on value of type null
in APPPATH\Views\admin\produk_edit.php on line 11.
 1 APPPATH\Views\admin\produk_edit.php(11): CodeIgniter\Debug\Exceptions->errorHandler(8, 'Trying to access array offset on value of type null', 'C:\\xampp\\htdocs\\unhi_pemrograman_web_2\\pertemuan_12\\app\\Views\\admin\\produk_edit.php', 11, [...])
 2 SYSTEMPATH\View\View.php(226): include('C:\\xampp\\htdocs\\unhi_pemrograman_web_2\\pertemuan_12\\app\\Views\\admin\\produk_edit.php')
 3 SYSTEMPATH\View\View.php(229): CodeIgniter\View\View->CodeIgniter\View\{closure}()
 4 SYSTEMPATH\Common.php(1188): CodeIgniter\View\View->render('admin/produk_edit', [], true)
 5 APPPATH\Libraries\Template.php(29): view('admin/produk_edit', [...])
 6 APPPATH\Controllers\Admin\Produk.php(72): App\Libraries\Template::tampil_Admin('admin/produk_edit', [...])
 7 SYSTEMPATH\CodeIgniter.php(919): App\Controllers\Admin\Produk->edit('main.js')
 8 SYSTEMPATH\CodeIgniter.php(494): CodeIgniter\CodeIgniter->runController(Object(App\Controllers\Admin\Produk))
 9 SYSTEMPATH\CodeIgniter.php(353): CodeIgniter\CodeIgniter->handleRequest(null, Object(Config\Cache), false)
10 FCPATH\index.php(79): CodeIgniter\CodeIgniter->run()
CRITICAL - 2023-12-04 06:01:00 --> There is no data to update.
in SYSTEMPATH\BaseModel.php on line 1724.
 1 SYSTEMPATH\BaseModel.php(1724): CodeIgniter\Database\Exceptions\DataException::forEmptyDataset('update')
 2 SYSTEMPATH\BaseModel.php(916): CodeIgniter\BaseModel->transformDataToArray(null, 'update')
 3 SYSTEMPATH\Model.php(776): CodeIgniter\BaseModel->update([...], null)
 4 APPPATH\Controllers\Admin\Produk.php(88): CodeIgniter\Model->update([...])
 5 SYSTEMPATH\CodeIgniter.php(919): App\Controllers\Admin\Produk->update('19')
 6 SYSTEMPATH\CodeIgniter.php(494): CodeIgniter\CodeIgniter->runController(Object(App\Controllers\Admin\Produk))
 7 SYSTEMPATH\CodeIgniter.php(353): CodeIgniter\CodeIgniter->handleRequest(null, Object(Config\Cache), false)
 8 FCPATH\index.php(79): CodeIgniter\CodeIgniter->run()
CRITICAL - 2023-12-04 06:03:43 --> Trying to access array offset on value of type null
in APPPATH\Views\admin\produk_edit.php on line 11.
 1 APPPATH\Views\admin\produk_edit.php(11): CodeIgniter\Debug\Exceptions->errorHandler(8, 'Trying to access array offset on value of type null', 'C:\\xampp\\htdocs\\unhi_pemrograman_web_2\\pertemuan_12\\app\\Views\\admin\\produk_edit.php', 11, [...])
 2 SYSTEMPATH\View\View.php(226): include('C:\\xampp\\htdocs\\unhi_pemrograman_web_2\\pertemuan_12\\app\\Views\\admin\\produk_edit.php')
 3 SYSTEMPATH\View\View.php(229): CodeIgniter\View\View->CodeIgniter\View\{closure}()
 4 SYSTEMPATH\Common.php(1188): CodeIgniter\View\View->render('admin/produk_edit', [], true)
 5 APPPATH\Libraries\Template.php(29): view('admin/produk_edit', [...])
 6 APPPATH\Controllers\Admin\Produk.php(72): App\Libraries\Template::tampil_Admin('admin/produk_edit', [...])
 7 SYSTEMPATH\CodeIgniter.php(919): App\Controllers\Admin\Produk->edit('main.js')
 8 SYSTEMPATH\CodeIgniter.php(494): CodeIgniter\CodeIgniter->runController(Object(App\Controllers\Admin\Produk))
 9 SYSTEMPATH\CodeIgniter.php(353): CodeIgniter\CodeIgniter->handleRequest(null, Object(Config\Cache), false)
10 FCPATH\index.php(79): CodeIgniter\CodeIgniter->run()
